2024-09-29 16:47:34,238 [Worker-7: Loading available Gradle versions] INFO  o.e.b.c.i.u.g.PublishedGradleVersions - Gradle version information cache is up-to-date. Trying to read.
2024-09-29 19:55:25,002 [Worker-47: Creating project "lp_ll_t1"] INFO  o.e.m.c.i.e.AbstractTransferListenerAdapter - Downloading https://repo.maven.apache.org/maven2/org/apache/maven/plugins/maven-clean-plugin/3.2.0/maven-clean-plugin-3.2.0.jar
2024-09-29 19:55:25,021 [Worker-47: Creating project "lp_ll_t1"] INFO  o.e.m.c.i.e.AbstractTransferListenerAdapter - Downloaded https://repo.maven.apache.org/maven2/org/apache/maven/plugins/maven-clean-plugin/3.2.0/maven-clean-plugin-3.2.0.jar
2024-09-29 19:55:25,047 [Worker-47: Creating project "lp_ll_t1"] INFO  o.e.m.c.i.e.AbstractTransferListenerAdapter - Downloading https://repo.maven.apache.org/maven2/org/apache/maven/plugins/maven-jar-plugin/3.4.1/maven-jar-plugin-3.4.1.jar
2024-09-29 19:55:25,054 [Worker-47: Creating project "lp_ll_t1"] INFO  o.e.m.c.i.e.AbstractTransferListenerAdapter - Downloaded https://repo.maven.apache.org/maven2/org/apache/maven/plugins/maven-jar-plugin/3.4.1/maven-jar-plugin-3.4.1.jar
2024-09-29 19:55:25,064 [Worker-47: Creating project "lp_ll_t1"] INFO  o.e.m.c.i.e.AbstractTransferListenerAdapter - Downloading https://repo.maven.apache.org/maven2/org/apache/maven/plugins/maven-install-plugin/3.1.2/maven-install-plugin-3.1.2.jar
2024-09-29 19:55:25,070 [Worker-47: Creating project "lp_ll_t1"] INFO  o.e.m.c.i.e.AbstractTransferListenerAdapter - Downloaded https://repo.maven.apache.org/maven2/org/apache/maven/plugins/maven-install-plugin/3.1.2/maven-install-plugin-3.1.2.jar
2024-09-29 19:55:25,081 [Worker-47: Creating project "lp_ll_t1"] INFO  o.e.m.c.i.e.AbstractTransferListenerAdapter - Downloading https://repo.maven.apache.org/maven2/org/apache/maven/plugins/maven-deploy-plugin/3.1.2/maven-deploy-plugin-3.1.2.jar
2024-09-29 19:55:25,088 [Worker-47: Creating project "lp_ll_t1"] INFO  o.e.m.c.i.e.AbstractTransferListenerAdapter - Downloaded https://repo.maven.apache.org/maven2/org/apache/maven/plugins/maven-deploy-plugin/3.1.2/maven-deploy-plugin-3.1.2.jar
2024-09-29 19:55:25,393 [Worker-47: Creating project "lp_ll_t1"] INFO  o.e.m.c.i.l.LifecycleMappingFactory - Using org.eclipse.m2e.jdt.JarLifecycleMapping lifecycle mapping for MavenProject: pe.edu.cibertec.sirvas.pedro:lp_ll_t1:0.0.1-SNAPSHOT @ C:\Eclipse_WorkSpace_LP2\LPII_T1_SIRVAS_PEDRO\lp_ll_t1\pom.xml.
2024-09-29 19:55:25,433 [Worker-47: Creating project "lp_ll_t1"] INFO  o.e.m.c.i.e.AbstractTransferListenerAdapter - Downloading https://repo.maven.apache.org/maven2/org/apache/maven/plugins/maven-jar-plugin/3.4.1/maven-jar-plugin-3.4.1.pom
2024-09-29 19:55:25,438 [Worker-47: Creating project "lp_ll_t1"] INFO  o.e.m.c.i.e.AbstractTransferListenerAdapter - Downloaded https://repo.maven.apache.org/maven2/org/apache/maven/plugins/maven-jar-plugin/3.4.1/maven-jar-plugin-3.4.1.pom
2024-09-29 19:55:25,875 [Worker-47: Creating project "lp_ll_t1"] INFO  o.e.m.j.i.AbstractJavaProjectConfigurator - Adding source folder /lp_ll_t1/src/main/java
2024-09-29 19:55:25,877 [Worker-47: Creating project "lp_ll_t1"] INFO  o.e.m.j.i.AbstractJavaProjectConfigurator - Adding resource folder /lp_ll_t1/src/main/resources
2024-09-29 19:55:25,877 [Worker-47: Creating project "lp_ll_t1"] INFO  o.e.m.j.i.AbstractJavaProjectConfigurator - Adding source folder /lp_ll_t1/src/test/java
2024-09-29 19:55:25,878 [Worker-47: Creating project "lp_ll_t1"] INFO  o.e.m.j.i.AbstractJavaProjectConfigurator - Adding resource folder /lp_ll_t1/src/test/resources
2024-09-29 19:55:26,307 [Worker-52: Building] WARN  o.a.m.s.f.DefaultMavenResourcesFiltering - Using platform encoding (UTF-8 actually) to copy filtered resources, i.e. build is platform dependent!
2024-09-29 19:55:26,312 [Worker-52: Building] INFO  o.a.m.s.f.DefaultMavenResourcesFiltering - Copying 0 resource from src\main\resources to target\classes
2024-09-29 19:55:26,317 [Worker-52: Building] WARN  o.a.m.s.f.DefaultMavenResourcesFiltering - Using platform encoding (UTF-8 actually) to copy filtered resources, i.e. build is platform dependent!
2024-09-29 19:55:26,320 [Worker-52: Building] INFO  o.a.m.s.f.DefaultMavenResourcesFiltering - Copying 0 resource from src\test\resources to target\test-classes
2024-09-29 19:57:55,961 [Worker-41: Building] INFO  o.e.m.c.i.l.LifecycleMappingFactory - Using org.eclipse.m2e.jdt.JarLifecycleMapping lifecycle mapping for MavenProject: pe.edu.cibertec.sirvas.pedro:lp_ll_t1:0.0.1-SNAPSHOT @ C:\Eclipse_WorkSpace_LP2\LPII_T1_SIRVAS_PEDRO\lp_ll_t1\pom.xml.
2024-09-29 19:57:56,050 [Worker-41: Building] WARN  o.a.m.s.f.DefaultMavenResourcesFiltering - Using platform encoding (UTF-8 actually) to copy filtered resources, i.e. build is platform dependent!
2024-09-29 19:57:56,053 [Worker-41: Building] INFO  o.a.m.s.f.DefaultMavenResourcesFiltering - Copying 0 resource from src\main\resources to target\classes
2024-09-29 19:57:56,056 [Worker-41: Building] WARN  o.a.m.s.f.DefaultMavenResourcesFiltering - Using platform encoding (UTF-8 actually) to copy filtered resources, i.e. build is platform dependent!
2024-09-29 19:57:56,057 [Worker-41: Building] INFO  o.a.m.s.f.DefaultMavenResourcesFiltering - Copying 0 resource from src\test\resources to target\test-classes
2024-09-29 20:00:00,627 [Worker-55: Building] INFO  o.e.m.c.i.l.LifecycleMappingFactory - Using org.eclipse.m2e.jdt.JarLifecycleMapping lifecycle mapping for MavenProject: pe.edu.cibertec.sirvas.pedro:lp_ll_t1:0.0.1-SNAPSHOT @ C:\Eclipse_WorkSpace_LP2\LPII_T1_SIRVAS_PEDRO\lp_ll_t1\pom.xml.
2024-09-29 20:00:00,701 [Worker-55: Building] WARN  o.a.m.s.f.DefaultMavenResourcesFiltering - Using platform encoding (UTF-8 actually) to copy filtered resources, i.e. build is platform dependent!
2024-09-29 20:00:00,703 [Worker-55: Building] INFO  o.a.m.s.f.DefaultMavenResourcesFiltering - Copying 0 resource from src\main\resources to target\classes
2024-09-29 20:00:00,706 [Worker-55: Building] WARN  o.a.m.s.f.DefaultMavenResourcesFiltering - Using platform encoding (UTF-8 actually) to copy filtered resources, i.e. build is platform dependent!
2024-09-29 20:00:00,707 [Worker-55: Building] INFO  o.a.m.s.f.DefaultMavenResourcesFiltering - Copying 0 resource from src\test\resources to target\test-classes
2024-09-29 20:00:20,992 [Worker-56: Updating Maven Project] INFO  o.e.m.c.i.p.ProjectConfigurationManager - Update started
2024-09-29 20:00:21,105 [Worker-56: Updating Maven Project] INFO  o.e.m.c.i.l.LifecycleMappingFactory - Using org.eclipse.m2e.jdt.JarLifecycleMapping lifecycle mapping for MavenProject: pe.edu.cibertec.sirvas.pedro:lp_ll_t1:0.0.1-SNAPSHOT @ C:\Eclipse_WorkSpace_LP2\LPII_T1_SIRVAS_PEDRO\lp_ll_t1\pom.xml.
2024-09-29 20:00:21,164 [Worker-56: Updating Maven Project] INFO  o.e.m.j.i.AbstractJavaProjectConfigurator - Adding source folder /lp_ll_t1/src/main/java
2024-09-29 20:00:21,165 [Worker-56: Updating Maven Project] INFO  o.e.m.j.i.AbstractJavaProjectConfigurator - Adding resource folder /lp_ll_t1/src/main/resources
2024-09-29 20:00:21,165 [Worker-56: Updating Maven Project] INFO  o.e.m.j.i.AbstractJavaProjectConfigurator - Adding source folder /lp_ll_t1/src/test/java
2024-09-29 20:00:21,166 [Worker-56: Updating Maven Project] INFO  o.e.m.j.i.AbstractJavaProjectConfigurator - Adding resource folder /lp_ll_t1/src/test/resources
2024-09-29 20:00:21,370 [Worker-56: Updating Maven Project] INFO  o.e.m.c.i.p.ProjectConfigurationManager - Update completed for 1 poms: local refresh takes 0.00 sec, refresh facades takes 0.00 sec, update config takes 0.00 sec 
2024-09-29 20:00:21,509 [Worker-56: Building] WARN  o.a.m.s.f.DefaultMavenResourcesFiltering - Using platform encoding (UTF-8 actually) to copy filtered resources, i.e. build is platform dependent!
2024-09-29 20:00:21,510 [Worker-56: Building] INFO  o.a.m.s.f.DefaultMavenResourcesFiltering - Copying 0 resource from src\main\resources to target\classes
2024-09-29 20:00:21,513 [Worker-56: Building] WARN  o.a.m.s.f.DefaultMavenResourcesFiltering - Using platform encoding (UTF-8 actually) to copy filtered resources, i.e. build is platform dependent!
2024-09-29 20:00:21,514 [Worker-56: Building] INFO  o.a.m.s.f.DefaultMavenResourcesFiltering - Copying 0 resource from src\test\resources to target\test-classes
2024-09-29 20:02:40,152 [ModalContext] INFO  o.e.m.c.i.e.AbstractTransferListenerAdapter - Downloading https://repo.maven.apache.org/maven2/org/apache/maven/archetypes/maven-archetype-quickstart/1.5/maven-archetype-quickstart-1.5.pom
2024-09-29 20:02:40,156 [ModalContext] INFO  o.e.m.c.i.e.AbstractTransferListenerAdapter - Downloaded https://repo.maven.apache.org/maven2/org/apache/maven/archetypes/maven-archetype-quickstart/1.5/maven-archetype-quickstart-1.5.pom
2024-09-29 20:02:40,165 [ModalContext] INFO  o.e.m.c.i.e.AbstractTransferListenerAdapter - Downloading https://repo.maven.apache.org/maven2/org/apache/maven/archetypes/maven-archetype-bundles/1.5/maven-archetype-bundles-1.5.pom
2024-09-29 20:02:40,169 [ModalContext] INFO  o.e.m.c.i.e.AbstractTransferListenerAdapter - Downloaded https://repo.maven.apache.org/maven2/org/apache/maven/archetypes/maven-archetype-bundles/1.5/maven-archetype-bundles-1.5.pom
2024-09-29 20:02:40,188 [ModalContext] INFO  o.e.m.c.i.e.AbstractTransferListenerAdapter - Downloading https://repo.maven.apache.org/maven2/org/apache/maven/archetypes/maven-archetype-quickstart/1.5/maven-archetype-quickstart-1.5.jar
2024-09-29 20:02:40,192 [ModalContext] INFO  o.e.m.c.i.e.AbstractTransferListenerAdapter - Downloaded https://repo.maven.apache.org/maven2/org/apache/maven/archetypes/maven-archetype-quickstart/1.5/maven-archetype-quickstart-1.5.jar
2024-09-29 20:04:34,661 [Worker-56: Launching mavenrun-21b4673e-8afe-4646-bb65-ff06f7089fe7] INFO  o.eclipse.m2e.core.internal.Bundles - getClasspathEntries(Bundle=org.eclipse.m2e.maven.runtime_3.9.900.20240824-1409 [643])
2024-09-29 20:04:34,662 [Worker-56: Launching mavenrun-21b4673e-8afe-4646-bb65-ff06f7089fe7] INFO  o.eclipse.m2e.core.internal.Bundles - 	Entry: C:\Java\eclipse\plugins\org.eclipse.m2e.maven.runtime_3.9.900.20240824-1409
2024-09-29 20:04:34,662 [Worker-56: Launching mavenrun-21b4673e-8afe-4646-bb65-ff06f7089fe7] INFO  o.eclipse.m2e.core.internal.Bundles - 	Entry: C:\Java\eclipse\plugins\org.eclipse.m2e.maven.runtime_3.9.900.20240824-1409\jars\aopalliance-1.0.jar
2024-09-29 20:04:34,662 [Worker-56: Launching mavenrun-21b4673e-8afe-4646-bb65-ff06f7089fe7] INFO  o.eclipse.m2e.core.internal.Bundles - 	Entry: C:\Java\eclipse\plugins\org.eclipse.m2e.maven.runtime_3.9.900.20240824-1409\jars\guice-5.1.0.jar
2024-09-29 20:04:34,662 [Worker-56: Launching mavenrun-21b4673e-8afe-4646-bb65-ff06f7089fe7] INFO  o.eclipse.m2e.core.internal.Bundles - 	Entry: C:\Java\eclipse\plugins\org.eclipse.m2e.maven.runtime_3.9.900.20240824-1409\jars\httpclient-4.5.14.jar
2024-09-29 20:04:34,663 [Worker-56: Launching mavenrun-21b4673e-8afe-4646-bb65-ff06f7089fe7] INFO  o.eclipse.m2e.core.internal.Bundles - 	Entry: C:\Java\eclipse\plugins\org.eclipse.m2e.maven.runtime_3.9.900.20240824-1409\jars\httpcore-4.4.16.jar
2024-09-29 20:04:34,663 [Worker-56: Launching mavenrun-21b4673e-8afe-4646-bb65-ff06f7089fe7] INFO  o.eclipse.m2e.core.internal.Bundles - 	Entry: C:\Java\eclipse\plugins\org.eclipse.m2e.maven.runtime_3.9.900.20240824-1409\jars\jansi-2.4.1.jar
2024-09-29 20:04:34,663 [Worker-56: Launching mavenrun-21b4673e-8afe-4646-bb65-ff06f7089fe7] INFO  o.eclipse.m2e.core.internal.Bundles - 	Entry: C:\Java\eclipse\plugins\org.eclipse.m2e.maven.runtime_3.9.900.20240824-1409\jars\jcl-over-slf4j-1.7.36.jar
2024-09-29 20:04:34,663 [Worker-56: Launching mavenrun-21b4673e-8afe-4646-bb65-ff06f7089fe7] INFO  o.eclipse.m2e.core.internal.Bundles - 	Entry: C:\Java\eclipse\plugins\org.eclipse.m2e.maven.runtime_3.9.900.20240824-1409\jars\maven-artifact-3.9.9.jar
2024-09-29 20:04:34,663 [Worker-56: Launching mavenrun-21b4673e-8afe-4646-bb65-ff06f7089fe7] INFO  o.eclipse.m2e.core.internal.Bundles - 	Entry: C:\Java\eclipse\plugins\org.eclipse.m2e.maven.runtime_3.9.900.20240824-1409\jars\maven-builder-support-3.9.9.jar
2024-09-29 20:04:34,663 [Worker-56: Launching mavenrun-21b4673e-8afe-4646-bb65-ff06f7089fe7] INFO  o.eclipse.m2e.core.internal.Bundles - 	Entry: C:\Java\eclipse\plugins\org.eclipse.m2e.maven.runtime_3.9.900.20240824-1409\jars\maven-compat-3.9.9.jar
2024-09-29 20:04:34,663 [Worker-56: Launching mavenrun-21b4673e-8afe-4646-bb65-ff06f7089fe7] INFO  o.eclipse.m2e.core.internal.Bundles - 	Entry: C:\Java\eclipse\plugins\org.eclipse.m2e.maven.runtime_3.9.900.20240824-1409\jars\maven-core-3.9.9.jar
2024-09-29 20:04:34,663 [Worker-56: Launching mavenrun-21b4673e-8afe-4646-bb65-ff06f7089fe7] INFO  o.eclipse.m2e.core.internal.Bundles - 	Entry: C:\Java\eclipse\plugins\org.eclipse.m2e.maven.runtime_3.9.900.20240824-1409\jars\maven-embedder-3.9.9.jar
2024-09-29 20:04:34,663 [Worker-56: Launching mavenrun-21b4673e-8afe-4646-bb65-ff06f7089fe7] INFO  o.eclipse.m2e.core.internal.Bundles - 	Entry: C:\Java\eclipse\plugins\org.eclipse.m2e.maven.runtime_3.9.900.20240824-1409\jars\maven-model-3.9.9.jar
2024-09-29 20:04:34,664 [Worker-56: Launching mavenrun-21b4673e-8afe-4646-bb65-ff06f7089fe7] INFO  o.eclipse.m2e.core.internal.Bundles - 	Entry: C:\Java\eclipse\plugins\org.eclipse.m2e.maven.runtime_3.9.900.20240824-1409\jars\maven-model-builder-3.9.9.jar
2024-09-29 20:04:34,664 [Worker-56: Launching mavenrun-21b4673e-8afe-4646-bb65-ff06f7089fe7] INFO  o.eclipse.m2e.core.internal.Bundles - 	Entry: C:\Java\eclipse\plugins\org.eclipse.m2e.maven.runtime_3.9.900.20240824-1409\jars\maven-plugin-api-3.9.9.jar
2024-09-29 20:04:34,664 [Worker-56: Launching mavenrun-21b4673e-8afe-4646-bb65-ff06f7089fe7] INFO  o.eclipse.m2e.core.internal.Bundles - 	Entry: C:\Java\eclipse\plugins\org.eclipse.m2e.maven.runtime_3.9.900.20240824-1409\jars\maven-repository-metadata-3.9.9.jar
2024-09-29 20:04:34,664 [Worker-56: Launching mavenrun-21b4673e-8afe-4646-bb65-ff06f7089fe7] INFO  o.eclipse.m2e.core.internal.Bundles - 	Entry: C:\Java\eclipse\plugins\org.eclipse.m2e.maven.runtime_3.9.900.20240824-1409\jars\maven-resolver-api-1.9.22.jar
2024-09-29 20:04:34,664 [Worker-56: Launching mavenrun-21b4673e-8afe-4646-bb65-ff06f7089fe7] INFO  o.eclipse.m2e.core.internal.Bundles - 	Entry: C:\Java\eclipse\plugins\org.eclipse.m2e.maven.runtime_3.9.900.20240824-1409\jars\maven-resolver-connector-basic-1.9.22.jar
2024-09-29 20:04:34,664 [Worker-56: Launching mavenrun-21b4673e-8afe-4646-bb65-ff06f7089fe7] INFO  o.eclipse.m2e.core.internal.Bundles - 	Entry: C:\Java\eclipse\plugins\org.eclipse.m2e.maven.runtime_3.9.900.20240824-1409\jars\maven-resolver-impl-1.9.22.jar
2024-09-29 20:04:34,664 [Worker-56: Launching mavenrun-21b4673e-8afe-4646-bb65-ff06f7089fe7] INFO  o.eclipse.m2e.core.internal.Bundles - 	Entry: C:\Java\eclipse\plugins\org.eclipse.m2e.maven.runtime_3.9.900.20240824-1409\jars\maven-resolver-named-locks-1.9.22.jar
2024-09-29 20:04:34,664 [Worker-56: Launching mavenrun-21b4673e-8afe-4646-bb65-ff06f7089fe7] INFO  o.eclipse.m2e.core.internal.Bundles - 	Entry: C:\Java\eclipse\plugins\org.eclipse.m2e.maven.runtime_3.9.900.20240824-1409\jars\maven-resolver-provider-3.9.9.jar
2024-09-29 20:04:34,665 [Worker-56: Launching mavenrun-21b4673e-8afe-4646-bb65-ff06f7089fe7] INFO  o.eclipse.m2e.core.internal.Bundles - 	Entry: C:\Java\eclipse\plugins\org.eclipse.m2e.maven.runtime_3.9.900.20240824-1409\jars\maven-resolver-spi-1.9.22.jar
2024-09-29 20:04:34,665 [Worker-56: Launching mavenrun-21b4673e-8afe-4646-bb65-ff06f7089fe7] INFO  o.eclipse.m2e.core.internal.Bundles - 	Entry: C:\Java\eclipse\plugins\org.eclipse.m2e.maven.runtime_3.9.900.20240824-1409\jars\maven-resolver-transport-file-1.9.22.jar
2024-09-29 20:04:34,665 [Worker-56: Launching mavenrun-21b4673e-8afe-4646-bb65-ff06f7089fe7] INFO  o.eclipse.m2e.core.internal.Bundles - 	Entry: C:\Java\eclipse\plugins\org.eclipse.m2e.maven.runtime_3.9.900.20240824-1409\jars\maven-resolver-transport-http-1.9.22.jar
2024-09-29 20:04:34,665 [Worker-56: Launching mavenrun-21b4673e-8afe-4646-bb65-ff06f7089fe7] INFO  o.eclipse.m2e.core.internal.Bundles - 	Entry: C:\Java\eclipse\plugins\org.eclipse.m2e.maven.runtime_3.9.900.20240824-1409\jars\maven-resolver-transport-wagon-1.9.22.jar
2024-09-29 20:04:34,665 [Worker-56: Launching mavenrun-21b4673e-8afe-4646-bb65-ff06f7089fe7] INFO  o.eclipse.m2e.core.internal.Bundles - 	Entry: C:\Java\eclipse\plugins\org.eclipse.m2e.maven.runtime_3.9.900.20240824-1409\jars\maven-resolver-util-1.9.22.jar
2024-09-29 20:04:34,665 [Worker-56: Launching mavenrun-21b4673e-8afe-4646-bb65-ff06f7089fe7] INFO  o.eclipse.m2e.core.internal.Bundles - 	Entry: C:\Java\eclipse\plugins\org.eclipse.m2e.maven.runtime_3.9.900.20240824-1409\jars\maven-settings-3.9.9.jar
2024-09-29 20:04:34,666 [Worker-56: Launching mavenrun-21b4673e-8afe-4646-bb65-ff06f7089fe7] INFO  o.eclipse.m2e.core.internal.Bundles - 	Entry: C:\Java\eclipse\plugins\org.eclipse.m2e.maven.runtime_3.9.900.20240824-1409\jars\maven-settings-builder-3.9.9.jar
2024-09-29 20:04:34,666 [Worker-56: Launching mavenrun-21b4673e-8afe-4646-bb65-ff06f7089fe7] INFO  o.eclipse.m2e.core.internal.Bundles - 	Entry: C:\Java\eclipse\plugins\org.eclipse.m2e.maven.runtime_3.9.900.20240824-1409\jars\maven-shared-utils-3.4.2.jar
2024-09-29 20:04:34,666 [Worker-56: Launching mavenrun-21b4673e-8afe-4646-bb65-ff06f7089fe7] INFO  o.eclipse.m2e.core.internal.Bundles - 	Entry: C:\Java\eclipse\plugins\org.eclipse.m2e.maven.runtime_3.9.900.20240824-1409\jars\org.eclipse.sisu.inject-0.9.0.M3.jar
2024-09-29 20:04:34,666 [Worker-56: Launching mavenrun-21b4673e-8afe-4646-bb65-ff06f7089fe7] INFO  o.eclipse.m2e.core.internal.Bundles - 	Entry: C:\Java\eclipse\plugins\org.eclipse.m2e.maven.runtime_3.9.900.20240824-1409\jars\org.eclipse.sisu.plexus-0.9.0.M3.jar
2024-09-29 20:04:34,666 [Worker-56: Launching mavenrun-21b4673e-8afe-4646-bb65-ff06f7089fe7] INFO  o.eclipse.m2e.core.internal.Bundles - 	Entry: C:\Java\eclipse\plugins\org.eclipse.m2e.maven.runtime_3.9.900.20240824-1409\jars\plexus-build-api-0.0.7.jar
2024-09-29 20:04:34,666 [Worker-56: Launching mavenrun-21b4673e-8afe-4646-bb65-ff06f7089fe7] INFO  o.eclipse.m2e.core.internal.Bundles - 	Entry: C:\Java\eclipse\plugins\org.eclipse.m2e.maven.runtime_3.9.900.20240824-1409\jars\plexus-build-api-1.2.0.jar
2024-09-29 20:04:34,666 [Worker-56: Launching mavenrun-21b4673e-8afe-4646-bb65-ff06f7089fe7] INFO  o.eclipse.m2e.core.internal.Bundles - 	Entry: C:\Java\eclipse\plugins\org.eclipse.m2e.maven.runtime_3.9.900.20240824-1409\jars\plexus-cipher-2.0.jar
2024-09-29 20:04:34,666 [Worker-56: Launching mavenrun-21b4673e-8afe-4646-bb65-ff06f7089fe7] INFO  o.eclipse.m2e.core.internal.Bundles - 	Entry: C:\Java\eclipse\plugins\org.eclipse.m2e.maven.runtime_3.9.900.20240824-1409\jars\plexus-classworlds-2.8.0.jar
2024-09-29 20:04:34,666 [Worker-56: Launching mavenrun-21b4673e-8afe-4646-bb65-ff06f7089fe7] INFO  o.eclipse.m2e.core.internal.Bundles - 	Entry: C:\Java\eclipse\plugins\org.eclipse.m2e.maven.runtime_3.9.900.20240824-1409\jars\plexus-component-annotations-2.1.0.jar
2024-09-29 20:04:34,667 [Worker-56: Launching mavenrun-21b4673e-8afe-4646-bb65-ff06f7089fe7] INFO  o.eclipse.m2e.core.internal.Bundles - 	Entry: C:\Java\eclipse\plugins\org.eclipse.m2e.maven.runtime_3.9.900.20240824-1409\jars\plexus-interpolation-1.27.jar
2024-09-29 20:04:34,667 [Worker-56: Launching mavenrun-21b4673e-8afe-4646-bb65-ff06f7089fe7] INFO  o.eclipse.m2e.core.internal.Bundles - 	Entry: C:\Java\eclipse\plugins\org.eclipse.m2e.maven.runtime_3.9.900.20240824-1409\jars\plexus-sec-dispatcher-2.0.jar
2024-09-29 20:04:34,667 [Worker-56: Launching mavenrun-21b4673e-8afe-4646-bb65-ff06f7089fe7] INFO  o.eclipse.m2e.core.internal.Bundles - 	Entry: C:\Java\eclipse\plugins\org.eclipse.m2e.maven.runtime_3.9.900.20240824-1409\jars\plexus-utils-3.5.1.jar
2024-09-29 20:04:34,667 [Worker-56: Launching mavenrun-21b4673e-8afe-4646-bb65-ff06f7089fe7] INFO  o.eclipse.m2e.core.internal.Bundles - 	Entry: C:\Java\eclipse\plugins\org.eclipse.m2e.maven.runtime_3.9.900.20240824-1409\jars\plexus-xml-3.0.1.jar
2024-09-29 20:04:34,667 [Worker-56: Launching mavenrun-21b4673e-8afe-4646-bb65-ff06f7089fe7] INFO  o.eclipse.m2e.core.internal.Bundles - 	Entry: C:\Java\eclipse\plugins\org.eclipse.m2e.maven.runtime_3.9.900.20240824-1409\jars\wagon-file-3.5.3.jar
2024-09-29 20:04:34,667 [Worker-56: Launching mavenrun-21b4673e-8afe-4646-bb65-ff06f7089fe7] INFO  o.eclipse.m2e.core.internal.Bundles - 	Entry: C:\Java\eclipse\plugins\org.eclipse.m2e.maven.runtime_3.9.900.20240824-1409\jars\wagon-http-3.5.3.jar
2024-09-29 20:04:34,667 [Worker-56: Launching mavenrun-21b4673e-8afe-4646-bb65-ff06f7089fe7] INFO  o.eclipse.m2e.core.internal.Bundles - 	Entry: C:\Java\eclipse\plugins\org.eclipse.m2e.maven.runtime_3.9.900.20240824-1409\jars\wagon-http-shared-3.5.3.jar
2024-09-29 20:04:34,667 [Worker-56: Launching mavenrun-21b4673e-8afe-4646-bb65-ff06f7089fe7] INFO  o.eclipse.m2e.core.internal.Bundles - 	Entry: C:\Java\eclipse\plugins\org.eclipse.m2e.maven.runtime_3.9.900.20240824-1409\jars\wagon-provider-api-3.5.3.jar
2024-09-29 20:04:34,668 [Worker-56: Launching mavenrun-21b4673e-8afe-4646-bb65-ff06f7089fe7] INFO  o.eclipse.m2e.core.internal.Bundles - getClasspathEntries(Bundle=com.google.guava_33.3.0.jre [16])
2024-09-29 20:04:34,669 [Worker-56: Launching mavenrun-21b4673e-8afe-4646-bb65-ff06f7089fe7] INFO  o.eclipse.m2e.core.internal.Bundles - 	Entry: C:\Java\eclipse\plugins\com.google.guava_33.3.0.jre.jar
2024-09-29 20:04:34,669 [Worker-56: Launching mavenrun-21b4673e-8afe-4646-bb65-ff06f7089fe7] INFO  o.eclipse.m2e.core.internal.Bundles - getClasspathEntries(Bundle=slf4j.api_2.0.16 [1008])
2024-09-29 20:04:34,669 [Worker-56: Launching mavenrun-21b4673e-8afe-4646-bb65-ff06f7089fe7] INFO  o.eclipse.m2e.core.internal.Bundles - 	Entry: C:\Java\eclipse\plugins\slf4j.api_2.0.16.jar
2024-09-29 20:04:34,669 [Worker-56: Launching mavenrun-21b4673e-8afe-4646-bb65-ff06f7089fe7] INFO  o.eclipse.m2e.core.internal.Bundles - getClasspathEntries(Bundle=jakarta.inject.jakarta.inject-api_1.0.5 [34])
2024-09-29 20:04:34,669 [Worker-56: Launching mavenrun-21b4673e-8afe-4646-bb65-ff06f7089fe7] INFO  o.eclipse.m2e.core.internal.Bundles - 	Entry: C:\Java\eclipse\plugins\jakarta.inject.jakarta.inject-api_1.0.5.jar
2024-09-29 20:04:34,669 [Worker-56: Launching mavenrun-21b4673e-8afe-4646-bb65-ff06f7089fe7] INFO  o.eclipse.m2e.core.internal.Bundles - getClasspathEntries(Bundle=jakarta.annotation-api_1.3.5 [29])
2024-09-29 20:04:34,669 [Worker-56: Launching mavenrun-21b4673e-8afe-4646-bb65-ff06f7089fe7] INFO  o.eclipse.m2e.core.internal.Bundles - 	Entry: C:\Java\eclipse\plugins\jakarta.annotation-api_1.3.5.jar
2024-09-29 20:04:34,669 [Worker-56: Launching mavenrun-21b4673e-8afe-4646-bb65-ff06f7089fe7] INFO  o.eclipse.m2e.core.internal.Bundles - getClasspathEntries(Bundle=org.apache.commons.cli_1.9.0 [78])
2024-09-29 20:04:34,669 [Worker-56: Launching mavenrun-21b4673e-8afe-4646-bb65-ff06f7089fe7] INFO  o.eclipse.m2e.core.internal.Bundles - 	Entry: C:\Java\eclipse\plugins\org.apache.commons.cli_1.9.0.jar
2024-09-29 20:04:34,669 [Worker-56: Launching mavenrun-21b4673e-8afe-4646-bb65-ff06f7089fe7] INFO  o.eclipse.m2e.core.internal.Bundles - getClasspathEntries(Bundle=org.apache.commons.commons-codec_1.16.0 [81])
2024-09-29 20:04:34,669 [Worker-56: Launching mavenrun-21b4673e-8afe-4646-bb65-ff06f7089fe7] INFO  o.eclipse.m2e.core.internal.Bundles - 	Entry: C:\Java\eclipse\plugins\org.apache.commons.commons-codec_1.16.0.jar
2024-09-29 20:04:34,669 [Worker-56: Launching mavenrun-21b4673e-8afe-4646-bb65-ff06f7089fe7] INFO  o.eclipse.m2e.core.internal.Bundles - getClasspathEntries(Bundle=com.google.guava.failureaccess_1.0.2 [17])
2024-09-29 20:04:34,670 [Worker-56: Launching mavenrun-21b4673e-8afe-4646-bb65-ff06f7089fe7] INFO  o.eclipse.m2e.core.internal.Bundles - 	Entry: C:\Java\eclipse\plugins\com.google.guava.failureaccess_1.0.2.jar
2024-09-29 20:04:34,675 [Worker-56: Launching mavenrun-21b4673e-8afe-4646-bb65-ff06f7089fe7] INFO  o.e.m.i.launch.MavenLaunchDelegate - Run build in "C:\Users\DMC4_\AppData\Local\Temp\m2e-archetypeGenerator17319614731936684384":
2024-09-29 20:04:34,677 [Worker-56: Launching mavenrun-21b4673e-8afe-4646-bb65-ff06f7089fe7] INFO  o.e.m.i.launch.MavenLaunchDelegate -  mvn  -DjavaCompilerVersion=17 -DjunitVersion=5.11.0 -DarchetypeGroupId=org.apache.maven.archetypes -DarchetypeArtifactId=maven-archetype-quickstart -DarchetypeVersion=1.5 -DgroupId=pe.edu.cibertect -DartifactId=lp2_t1_sirvas_rueda -Dversion=0.0.1-SNAPSHOT -Dpackage=pe.edu.cibertect.lp2_t1_sirvas_rueda -DoutputDirectory=C:\Eclipse_WorkSpace_LP2\LPII_T1_SIRVAS_PEDRO -Dstyle.color=always -U archetype:generate
2024-09-29 20:05:20,132 [Worker-53: Creating maven-archetype-quickstart] INFO  o.e.m.c.i.p.ProjectConfigurationManager - Collecting project info '/pom.xml' C:\Eclipse_WorkSpace_LP2\LPII_T1_SIRVAS_PEDRO\lp2_t1_sirvas_rueda\pom.xml
2024-09-29 20:05:20,206 [Worker-53: Creating maven-archetype-quickstart] INFO  o.e.m.c.i.e.AbstractTransferListenerAdapter - Downloading https://repo.maven.apache.org/maven2/org/apache/maven/plugins/maven-clean-plugin/3.4.0/maven-clean-plugin-3.4.0.jar
2024-09-29 20:05:20,212 [Worker-53: Creating maven-archetype-quickstart] INFO  o.e.m.c.i.e.AbstractTransferListenerAdapter - Downloaded https://repo.maven.apache.org/maven2/org/apache/maven/plugins/maven-clean-plugin/3.4.0/maven-clean-plugin-3.4.0.jar
2024-09-29 20:05:20,228 [Worker-53: Creating maven-archetype-quickstart] INFO  o.e.m.c.i.e.AbstractTransferListenerAdapter - Downloading https://repo.maven.apache.org/maven2/org/apache/maven/plugins/maven-surefire-plugin/3.3.0/maven-surefire-plugin-3.3.0.jar
2024-09-29 20:05:20,233 [Worker-53: Creating maven-archetype-quickstart] INFO  o.e.m.c.i.e.AbstractTransferListenerAdapter - Downloaded https://repo.maven.apache.org/maven2/org/apache/maven/plugins/maven-surefire-plugin/3.3.0/maven-surefire-plugin-3.3.0.jar
2024-09-29 20:05:20,340 [Worker-53: Creating maven-archetype-quickstart] INFO  o.e.m.c.i.l.LifecycleMappingFactory - Using org.eclipse.m2e.jdt.JarLifecycleMapping lifecycle mapping for MavenProject: pe.edu.cibertect:lp2_t1_sirvas_rueda:0.0.1-SNAPSHOT @ C:\Eclipse_WorkSpace_LP2\LPII_T1_SIRVAS_PEDRO\lp2_t1_sirvas_rueda\pom.xml.
2024-09-29 20:05:20,349 [Worker-53: Creating maven-archetype-quickstart] INFO  o.e.m.c.i.e.AbstractTransferListenerAdapter - Downloading https://repo.maven.apache.org/maven2/org/junit/jupiter/junit-jupiter-api/5.11.0/junit-jupiter-api-5.11.0.pom
2024-09-29 20:05:20,354 [Worker-53: Creating maven-archetype-quickstart] INFO  o.e.m.c.i.e.AbstractTransferListenerAdapter - Downloaded https://repo.maven.apache.org/maven2/org/junit/jupiter/junit-jupiter-api/5.11.0/junit-jupiter-api-5.11.0.pom
2024-09-29 20:05:20,372 [Worker-53: Creating maven-archetype-quickstart] INFO  o.e.m.c.i.e.AbstractTransferListenerAdapter - Downloading https://repo.maven.apache.org/maven2/org/junit/platform/junit-platform-commons/1.11.0/junit-platform-commons-1.11.0.pom
2024-09-29 20:05:20,380 [Worker-53: Creating maven-archetype-quickstart] INFO  o.e.m.c.i.e.AbstractTransferListenerAdapter - Downloaded https://repo.maven.apache.org/maven2/org/junit/platform/junit-platform-commons/1.11.0/junit-platform-commons-1.11.0.pom
2024-09-29 20:05:20,416 [Worker-53: Creating maven-archetype-quickstart] INFO  o.e.m.c.i.e.AbstractTransferListenerAdapter - Downloading https://repo.maven.apache.org/maven2/org/junit/jupiter/junit-jupiter-params/5.11.0/junit-jupiter-params-5.11.0.pom
2024-09-29 20:05:20,425 [Worker-53: Creating maven-archetype-quickstart] INFO  o.e.m.c.i.e.AbstractTransferListenerAdapter - Downloaded https://repo.maven.apache.org/maven2/org/junit/jupiter/junit-jupiter-params/5.11.0/junit-jupiter-params-5.11.0.pom
2024-09-29 20:05:20,438 [Worker-53: Creating maven-archetype-quickstart] INFO  o.e.m.c.i.e.AbstractTransferListenerAdapter - Downloading https://repo.maven.apache.org/maven2/org/junit/jupiter/junit-jupiter-api/5.11.0/junit-jupiter-api-5.11.0.jar
2024-09-29 20:05:20,449 [Worker-53: Creating maven-archetype-quickstart] INFO  o.e.m.c.i.e.AbstractTransferListenerAdapter - Downloaded https://repo.maven.apache.org/maven2/org/junit/jupiter/junit-jupiter-api/5.11.0/junit-jupiter-api-5.11.0.jar
2024-09-29 20:05:20,456 [BasicRepositoryConnector-repo.maven.apache.org-0-0] INFO  o.e.m.c.i.e.AbstractTransferListenerAdapter - Downloading https://repo.maven.apache.org/maven2/org/junit/platform/junit-platform-commons/1.11.0/junit-platform-commons-1.11.0.jar
2024-09-29 20:05:20,462 [BasicRepositoryConnector-repo.maven.apache.org-0-0] INFO  o.e.m.c.i.e.AbstractTransferListenerAdapter - Downloaded https://repo.maven.apache.org/maven2/org/junit/platform/junit-platform-commons/1.11.0/junit-platform-commons-1.11.0.jar
2024-09-29 20:05:20,465 [BasicRepositoryConnector-repo.maven.apache.org-0-1] INFO  o.e.m.c.i.e.AbstractTransferListenerAdapter - Downloading https://repo.maven.apache.org/maven2/org/junit/jupiter/junit-jupiter-params/5.11.0/junit-jupiter-params-5.11.0.jar
2024-09-29 20:05:20,494 [BasicRepositoryConnector-repo.maven.apache.org-0-1] INFO  o.e.m.c.i.e.AbstractTransferListenerAdapter - Downloaded https://repo.maven.apache.org/maven2/org/junit/jupiter/junit-jupiter-params/5.11.0/junit-jupiter-params-5.11.0.jar
2024-09-29 20:05:20,521 [Worker-53: Creating maven-archetype-quickstart] INFO  o.e.m.c.i.e.AbstractTransferListenerAdapter - Downloading https://repo.maven.apache.org/maven2/org/apache/maven/plugins/maven-surefire-plugin/3.3.0/maven-surefire-plugin-3.3.0.pom
2024-09-29 20:05:20,526 [Worker-53: Creating maven-archetype-quickstart] INFO  o.e.m.c.i.e.AbstractTransferListenerAdapter - Downloaded https://repo.maven.apache.org/maven2/org/apache/maven/plugins/maven-surefire-plugin/3.3.0/maven-surefire-plugin-3.3.0.pom
2024-09-29 20:05:20,536 [Worker-53: Creating maven-archetype-quickstart] INFO  o.e.m.c.i.e.AbstractTransferListenerAdapter - Downloading https://repo.maven.apache.org/maven2/org/apache/maven/surefire/surefire/3.3.0/surefire-3.3.0.pom
2024-09-29 20:05:20,540 [Worker-53: Creating maven-archetype-quickstart] INFO  o.e.m.c.i.e.AbstractTransferListenerAdapter - Downloaded https://repo.maven.apache.org/maven2/org/apache/maven/surefire/surefire/3.3.0/surefire-3.3.0.pom
2024-09-29 20:05:20,792 [Worker-53: Creating maven-archetype-quickstart] INFO  o.e.m.j.i.AbstractJavaProjectConfigurator - Adding source folder /lp2_t1_sirvas_rueda/src/main/java
2024-09-29 20:05:20,793 [Worker-53: Creating maven-archetype-quickstart] INFO  o.e.m.j.i.AbstractJavaProjectConfigurator - Adding resource folder /lp2_t1_sirvas_rueda/src/main/resources
2024-09-29 20:05:20,795 [Worker-53: Creating maven-archetype-quickstart] INFO  o.e.m.j.i.AbstractJavaProjectConfigurator - Adding source folder /lp2_t1_sirvas_rueda/src/test/java
2024-09-29 20:05:20,796 [Worker-53: Creating maven-archetype-quickstart] INFO  o.e.m.j.i.AbstractJavaProjectConfigurator - Adding resource folder /lp2_t1_sirvas_rueda/src/test/resources
2024-09-29 20:05:20,850 [Worker-53: Creating maven-archetype-quickstart] INFO  o.e.m.c.i.p.ProjectConfigurationManager - Imported and configured 1 project(s) in 0 sec
2024-09-29 20:05:21,224 [Worker-56: Building] INFO  o.a.m.s.f.DefaultMavenResourcesFiltering - skip non existing resourceDirectory C:\Eclipse_WorkSpace_LP2\LPII_T1_SIRVAS_PEDRO\lp2_t1_sirvas_rueda\src\main\resources
2024-09-29 20:05:21,226 [Worker-56: Building] INFO  o.a.m.s.f.DefaultMavenResourcesFiltering - skip non existing resourceDirectory C:\Eclipse_WorkSpace_LP2\LPII_T1_SIRVAS_PEDRO\lp2_t1_sirvas_rueda\src\test\resources
2024-09-29 20:05:21,765 [Worker-56: Download sources and javadoc] INFO  o.e.m.c.i.e.AbstractTransferListenerAdapter - Downloading https://repo.maven.apache.org/maven2/org/junit/jupiter/junit-jupiter-api/5.11.0/junit-jupiter-api-5.11.0-sources.jar
2024-09-29 20:05:21,779 [Worker-56: Download sources and javadoc] INFO  o.e.m.c.i.e.AbstractTransferListenerAdapter - Downloaded https://repo.maven.apache.org/maven2/org/junit/jupiter/junit-jupiter-api/5.11.0/junit-jupiter-api-5.11.0-sources.jar
2024-09-29 20:05:21,783 [Worker-56: Download sources and javadoc] INFO  o.e.m.j.internal.DownloadSourcesJob - Downloaded sources for org.junit.jupiter:junit-jupiter-api:5.11.0
2024-09-29 20:05:21,801 [Worker-56: Download sources and javadoc] INFO  o.e.m.c.i.e.AbstractTransferListenerAdapter - Downloading https://repo.maven.apache.org/maven2/org/opentest4j/opentest4j/1.3.0/opentest4j-1.3.0-sources.jar
2024-09-29 20:05:21,806 [Worker-56: Download sources and javadoc] INFO  o.e.m.c.i.e.AbstractTransferListenerAdapter - Downloaded https://repo.maven.apache.org/maven2/org/opentest4j/opentest4j/1.3.0/opentest4j-1.3.0-sources.jar
2024-09-29 20:05:21,809 [Worker-56: Download sources and javadoc] INFO  o.e.m.j.internal.DownloadSourcesJob - Downloaded sources for org.opentest4j:opentest4j:1.3.0
2024-09-29 20:05:21,828 [Worker-56: Download sources and javadoc] INFO  o.e.m.c.i.e.AbstractTransferListenerAdapter - Downloading https://repo.maven.apache.org/maven2/org/junit/platform/junit-platform-commons/1.11.0/junit-platform-commons-1.11.0-sources.jar
2024-09-29 20:05:21,837 [Worker-56: Download sources and javadoc] INFO  o.e.m.c.i.e.AbstractTransferListenerAdapter - Downloaded https://repo.maven.apache.org/maven2/org/junit/platform/junit-platform-commons/1.11.0/junit-platform-commons-1.11.0-sources.jar
2024-09-29 20:05:21,840 [Worker-56: Download sources and javadoc] INFO  o.e.m.j.internal.DownloadSourcesJob - Downloaded sources for org.junit.platform:junit-platform-commons:1.11.0
2024-09-29 20:05:21,860 [Worker-56: Download sources and javadoc] INFO  o.e.m.c.i.e.AbstractTransferListenerAdapter - Downloading https://repo.maven.apache.org/maven2/org/apiguardian/apiguardian-api/1.1.2/apiguardian-api-1.1.2-sources.jar
2024-09-29 20:05:21,865 [Worker-56: Download sources and javadoc] INFO  o.e.m.c.i.e.AbstractTransferListenerAdapter - Downloaded https://repo.maven.apache.org/maven2/org/apiguardian/apiguardian-api/1.1.2/apiguardian-api-1.1.2-sources.jar
2024-09-29 20:05:21,868 [Worker-56: Download sources and javadoc] INFO  o.e.m.j.internal.DownloadSourcesJob - Downloaded sources for org.apiguardian:apiguardian-api:1.1.2
2024-09-29 20:05:21,887 [Worker-56: Download sources and javadoc] INFO  o.e.m.c.i.e.AbstractTransferListenerAdapter - Downloading https://repo.maven.apache.org/maven2/org/junit/jupiter/junit-jupiter-params/5.11.0/junit-jupiter-params-5.11.0-sources.jar
2024-09-29 20:05:21,895 [Worker-56: Download sources and javadoc] INFO  o.e.m.c.i.e.AbstractTransferListenerAdapter - Downloaded https://repo.maven.apache.org/maven2/org/junit/jupiter/junit-jupiter-params/5.11.0/junit-jupiter-params-5.11.0-sources.jar
2024-09-29 20:05:21,898 [Worker-56: Download sources and javadoc] INFO  o.e.m.j.internal.DownloadSourcesJob - Downloaded sources for org.junit.jupiter:junit-jupiter-params:5.11.0
2024-09-29 20:06:28,053 [Worker-56: Building] INFO  o.e.m.c.i.l.LifecycleMappingFactory - Using org.eclipse.m2e.jdt.JarLifecycleMapping lifecycle mapping for MavenProject: pe.edu.cibertect:lp2_t1_sirvas_rueda:0.0.1-SNAPSHOT @ C:\Eclipse_WorkSpace_LP2\LPII_T1_SIRVAS_PEDRO\lp2_t1_sirvas_rueda\pom.xml.
2024-09-29 20:06:28,156 [Worker-56: Building] INFO  o.a.m.s.f.DefaultMavenResourcesFiltering - skip non existing resourceDirectory C:\Eclipse_WorkSpace_LP2\LPII_T1_SIRVAS_PEDRO\lp2_t1_sirvas_rueda\src\main\resources
2024-09-29 20:06:28,160 [Worker-56: Building] INFO  o.a.m.s.f.DefaultMavenResourcesFiltering - skip non existing resourceDirectory C:\Eclipse_WorkSpace_LP2\LPII_T1_SIRVAS_PEDRO\lp2_t1_sirvas_rueda\src\test\resources
2024-09-29 20:07:29,692 [Worker-56: Updating Maven Project] INFO  o.e.m.c.i.p.ProjectConfigurationManager - Update started
2024-09-29 20:07:29,737 [Worker-56: Updating Maven Project] INFO  o.e.m.c.i.l.LifecycleMappingFactory - Using org.eclipse.m2e.jdt.JarLifecycleMapping lifecycle mapping for MavenProject: pe.edu.cibertect:lp2_t1_sirvas_rueda:0.0.1-SNAPSHOT @ C:\Eclipse_WorkSpace_LP2\LPII_T1_SIRVAS_PEDRO\lp2_t1_sirvas_rueda\pom.xml.
2024-09-29 20:07:29,785 [Worker-56: Updating Maven Project] INFO  o.e.m.j.i.AbstractJavaProjectConfigurator - Adding source folder /lp2_t1_sirvas_rueda/src/main/java
2024-09-29 20:07:29,785 [Worker-56: Updating Maven Project] INFO  o.e.m.j.i.AbstractJavaProjectConfigurator - Adding resource folder /lp2_t1_sirvas_rueda/src/main/resources
2024-09-29 20:07:29,785 [Worker-56: Updating Maven Project] INFO  o.e.m.j.i.AbstractJavaProjectConfigurator - Adding source folder /lp2_t1_sirvas_rueda/src/test/java
2024-09-29 20:07:29,785 [Worker-56: Updating Maven Project] INFO  o.e.m.j.i.AbstractJavaProjectConfigurator - Adding resource folder /lp2_t1_sirvas_rueda/src/test/resources
2024-09-29 20:07:29,820 [Worker-56: Updating Maven Project] INFO  o.e.m.c.i.p.ProjectConfigurationManager - Update completed for 1 poms: local refresh takes 0.00 sec, refresh facades takes 0.00 sec, update config takes 0.00 sec 
2024-09-29 20:07:30,031 [Worker-56: Building] INFO  o.a.m.s.f.DefaultMavenResourcesFiltering - skip non existing resourceDirectory C:\Eclipse_WorkSpace_LP2\LPII_T1_SIRVAS_PEDRO\lp2_t1_sirvas_rueda\src\main\resources
2024-09-29 20:07:30,034 [Worker-56: Building] INFO  o.a.m.s.f.DefaultMavenResourcesFiltering - skip non existing resourceDirectory C:\Eclipse_WorkSpace_LP2\LPII_T1_SIRVAS_PEDRO\lp2_t1_sirvas_rueda\src\test\resources
2024-09-29 20:07:56,703 [main] INFO  o.e.m.jdt.internal.UnitTestSupport - Updating AppTest from maven configuration
2024-09-29 20:07:56,784 [main] INFO  o.e.m.c.i.e.AbstractTransferListenerAdapter - Downloading https://repo.maven.apache.org/maven2/org/apache/maven/surefire/surefire-api/3.3.0/surefire-api-3.3.0.pom
2024-09-29 20:07:56,788 [main] INFO  o.e.m.c.i.e.AbstractTransferListenerAdapter - Downloaded https://repo.maven.apache.org/maven2/org/apache/maven/surefire/surefire-api/3.3.0/surefire-api-3.3.0.pom
2024-09-29 20:07:56,799 [main] INFO  o.e.m.c.i.e.AbstractTransferListenerAdapter - Downloading https://repo.maven.apache.org/maven2/org/apache/maven/surefire/surefire-logger-api/3.3.0/surefire-logger-api-3.3.0.pom
2024-09-29 20:07:56,803 [main] INFO  o.e.m.c.i.e.AbstractTransferListenerAdapter - Downloaded https://repo.maven.apache.org/maven2/org/apache/maven/surefire/surefire-logger-api/3.3.0/surefire-logger-api-3.3.0.pom
2024-09-29 20:07:56,814 [main] INFO  o.e.m.c.i.e.AbstractTransferListenerAdapter - Downloading https://repo.maven.apache.org/maven2/org/apache/maven/surefire/surefire-shared-utils/3.3.0/surefire-shared-utils-3.3.0.pom
2024-09-29 20:07:56,818 [main] INFO  o.e.m.c.i.e.AbstractTransferListenerAdapter - Downloaded https://repo.maven.apache.org/maven2/org/apache/maven/surefire/surefire-shared-utils/3.3.0/surefire-shared-utils-3.3.0.pom
2024-09-29 20:07:56,830 [main] INFO  o.e.m.c.i.e.AbstractTransferListenerAdapter - Downloading https://repo.maven.apache.org/maven2/org/apache/maven/surefire/surefire-extensions-api/3.3.0/surefire-extensions-api-3.3.0.pom
2024-09-29 20:07:56,834 [main] INFO  o.e.m.c.i.e.AbstractTransferListenerAdapter - Downloaded https://repo.maven.apache.org/maven2/org/apache/maven/surefire/surefire-extensions-api/3.3.0/surefire-extensions-api-3.3.0.pom
2024-09-29 20:07:56,845 [main] INFO  o.e.m.c.i.e.AbstractTransferListenerAdapter - Downloading https://repo.maven.apache.org/maven2/org/apache/maven/surefire/maven-surefire-common/3.3.0/maven-surefire-common-3.3.0.pom
2024-09-29 20:07:56,850 [main] INFO  o.e.m.c.i.e.AbstractTransferListenerAdapter - Downloaded https://repo.maven.apache.org/maven2/org/apache/maven/surefire/maven-surefire-common/3.3.0/maven-surefire-common-3.3.0.pom
2024-09-29 20:07:56,860 [main] INFO  o.e.m.c.i.e.AbstractTransferListenerAdapter - Downloading https://repo.maven.apache.org/maven2/org/apache/maven/surefire/surefire-booter/3.3.0/surefire-booter-3.3.0.pom
2024-09-29 20:07:56,864 [main] INFO  o.e.m.c.i.e.AbstractTransferListenerAdapter - Downloaded https://repo.maven.apache.org/maven2/org/apache/maven/surefire/surefire-booter/3.3.0/surefire-booter-3.3.0.pom
2024-09-29 20:07:56,875 [main] INFO  o.e.m.c.i.e.AbstractTransferListenerAdapter - Downloading https://repo.maven.apache.org/maven2/org/apache/maven/surefire/surefire-extensions-spi/3.3.0/surefire-extensions-spi-3.3.0.pom
2024-09-29 20:07:56,879 [main] INFO  o.e.m.c.i.e.AbstractTransferListenerAdapter - Downloaded https://repo.maven.apache.org/maven2/org/apache/maven/surefire/surefire-extensions-spi/3.3.0/surefire-extensions-spi-3.3.0.pom
2024-09-29 20:07:56,889 [main] INFO  o.e.m.c.i.e.AbstractTransferListenerAdapter - Downloading https://repo.maven.apache.org/maven2/org/apache/maven/resolver/maven-resolver-util/1.4.1/maven-resolver-util-1.4.1.pom
2024-09-29 20:07:56,893 [main] INFO  o.e.m.c.i.e.AbstractTransferListenerAdapter - Downloaded https://repo.maven.apache.org/maven2/org/apache/maven/resolver/maven-resolver-util/1.4.1/maven-resolver-util-1.4.1.pom
2024-09-29 20:07:56,904 [main] INFO  o.e.m.c.i.e.AbstractTransferListenerAdapter - Downloading https://repo.maven.apache.org/maven2/org/apache/maven/resolver/maven-resolver/1.4.1/maven-resolver-1.4.1.pom
2024-09-29 20:07:56,909 [main] INFO  o.e.m.c.i.e.AbstractTransferListenerAdapter - Downloaded https://repo.maven.apache.org/maven2/org/apache/maven/resolver/maven-resolver/1.4.1/maven-resolver-1.4.1.pom
2024-09-29 20:07:56,925 [main] INFO  o.e.m.c.i.e.AbstractTransferListenerAdapter - Downloading https://repo.maven.apache.org/maven2/org/apache/maven/resolver/maven-resolver-api/1.4.1/maven-resolver-api-1.4.1.pom
2024-09-29 20:07:56,929 [main] INFO  o.e.m.c.i.e.AbstractTransferListenerAdapter - Downloaded https://repo.maven.apache.org/maven2/org/apache/maven/resolver/maven-resolver-api/1.4.1/maven-resolver-api-1.4.1.pom
2024-09-29 20:07:56,939 [main] INFO  o.e.m.c.i.e.AbstractTransferListenerAdapter - Downloading https://repo.maven.apache.org/maven2/org/apache/maven/shared/maven-common-artifact-filters/3.4.0/maven-common-artifact-filters-3.4.0.pom
2024-09-29 20:07:56,943 [main] INFO  o.e.m.c.i.e.AbstractTransferListenerAdapter - Downloaded https://repo.maven.apache.org/maven2/org/apache/maven/shared/maven-common-artifact-filters/3.4.0/maven-common-artifact-filters-3.4.0.pom
2024-09-29 20:07:56,969 [main] INFO  o.e.m.c.i.e.AbstractTransferListenerAdapter - Downloading https://repo.maven.apache.org/maven2/org/apache/maven/surefire/surefire-api/3.3.0/surefire-api-3.3.0.jar
2024-09-29 20:07:56,981 [main] INFO  o.e.m.c.i.e.AbstractTransferListenerAdapter - Downloaded https://repo.maven.apache.org/maven2/org/apache/maven/surefire/surefire-api/3.3.0/surefire-api-3.3.0.jar
2024-09-29 20:07:56,987 [BasicRepositoryConnector-repo.maven.apache.org-1-1] INFO  o.e.m.c.i.e.AbstractTransferListenerAdapter - Downloading https://repo.maven.apache.org/maven2/org/apache/maven/surefire/surefire-shared-utils/3.3.0/surefire-shared-utils-3.3.0.jar
2024-09-29 20:07:56,997 [BasicRepositoryConnector-repo.maven.apache.org-1-0] INFO  o.e.m.c.i.e.AbstractTransferListenerAdapter - Downloading https://repo.maven.apache.org/maven2/org/apache/maven/surefire/surefire-logger-api/3.3.0/surefire-logger-api-3.3.0.jar
2024-09-29 20:07:56,998 [BasicRepositoryConnector-repo.maven.apache.org-1-3] INFO  o.e.m.c.i.e.AbstractTransferListenerAdapter - Downloading https://repo.maven.apache.org/maven2/org/apache/maven/surefire/maven-surefire-common/3.3.0/maven-surefire-common-3.3.0.jar
2024-09-29 20:07:56,998 [BasicRepositoryConnector-repo.maven.apache.org-1-4] INFO  o.e.m.c.i.e.AbstractTransferListenerAdapter - Downloading https://repo.maven.apache.org/maven2/org/apache/maven/surefire/surefire-booter/3.3.0/surefire-booter-3.3.0.jar
2024-09-29 20:07:57,001 [BasicRepositoryConnector-repo.maven.apache.org-1-0] INFO  o.e.m.c.i.e.AbstractTransferListenerAdapter - Downloaded https://repo.maven.apache.org/maven2/org/apache/maven/surefire/surefire-logger-api/3.3.0/surefire-logger-api-3.3.0.jar
2024-09-29 20:07:57,007 [BasicRepositoryConnector-repo.maven.apache.org-1-0] INFO  o.e.m.c.i.e.AbstractTransferListenerAdapter - Downloading https://repo.maven.apache.org/maven2/org/apache/maven/surefire/surefire-extensions-spi/3.3.0/surefire-extensions-spi-3.3.0.jar
2024-09-29 20:07:57,012 [BasicRepositoryConnector-repo.maven.apache.org-1-0] INFO  o.e.m.c.i.e.AbstractTransferListenerAdapter - Downloaded https://repo.maven.apache.org/maven2/org/apache/maven/surefire/surefire-extensions-spi/3.3.0/surefire-extensions-spi-3.3.0.jar
2024-09-29 20:07:57,018 [BasicRepositoryConnector-repo.maven.apache.org-1-0] INFO  o.e.m.c.i.e.AbstractTransferListenerAdapter - Downloading https://repo.maven.apache.org/maven2/org/apache/maven/resolver/maven-resolver-util/1.4.1/maven-resolver-util-1.4.1.jar
2024-09-29 20:07:57,030 [BasicRepositoryConnector-repo.maven.apache.org-1-4] INFO  o.e.m.c.i.e.AbstractTransferListenerAdapter - Downloaded https://repo.maven.apache.org/maven2/org/apache/maven/surefire/surefire-booter/3.3.0/surefire-booter-3.3.0.jar
2024-09-29 20:07:57,036 [BasicRepositoryConnector-repo.maven.apache.org-1-4] INFO  o.e.m.c.i.e.AbstractTransferListenerAdapter - Downloading https://repo.maven.apache.org/maven2/org/apache/maven/resolver/maven-resolver-api/1.4.1/maven-resolver-api-1.4.1.jar
2024-09-29 20:07:57,062 [BasicRepositoryConnector-repo.maven.apache.org-1-0] INFO  o.e.m.c.i.e.AbstractTransferListenerAdapter - Downloaded https://repo.maven.apache.org/maven2/org/apache/maven/resolver/maven-resolver-util/1.4.1/maven-resolver-util-1.4.1.jar
2024-09-29 20:07:57,063 [BasicRepositoryConnector-repo.maven.apache.org-1-4] INFO  o.e.m.c.i.e.AbstractTransferListenerAdapter - Downloaded https://repo.maven.apache.org/maven2/org/apache/maven/resolver/maven-resolver-api/1.4.1/maven-resolver-api-1.4.1.jar
2024-09-29 20:07:57,066 [BasicRepositoryConnector-repo.maven.apache.org-1-0] INFO  o.e.m.c.i.e.AbstractTransferListenerAdapter - Downloading https://repo.maven.apache.org/maven2/org/apache/maven/shared/maven-common-artifact-filters/3.4.0/maven-common-artifact-filters-3.4.0.jar
2024-09-29 20:07:57,078 [BasicRepositoryConnector-repo.maven.apache.org-1-0] INFO  o.e.m.c.i.e.AbstractTransferListenerAdapter - Downloaded https://repo.maven.apache.org/maven2/org/apache/maven/shared/maven-common-artifact-filters/3.4.0/maven-common-artifact-filters-3.4.0.jar
2024-09-29 20:07:57,079 [BasicRepositoryConnector-repo.maven.apache.org-1-3] INFO  o.e.m.c.i.e.AbstractTransferListenerAdapter - Downloaded https://repo.maven.apache.org/maven2/org/apache/maven/surefire/maven-surefire-common/3.3.0/maven-surefire-common-3.3.0.jar
2024-09-29 20:07:57,183 [BasicRepositoryConnector-repo.maven.apache.org-1-1] INFO  o.e.m.c.i.e.AbstractTransferListenerAdapter - Downloaded https://repo.maven.apache.org/maven2/org/apache/maven/surefire/surefire-shared-utils/3.3.0/surefire-shared-utils-3.3.0.jar
2024-09-29 20:07:57,208 [BasicRepositoryConnector-repo.maven.apache.org-1-2] INFO  o.e.m.c.i.e.AbstractTransferListenerAdapter - Downloading https://repo.maven.apache.org/maven2/org/apache/maven/surefire/surefire-extensions-api/3.3.0/surefire-extensions-api-3.3.0.jar
2024-09-29 20:07:57,228 [BasicRepositoryConnector-repo.maven.apache.org-1-2] INFO  o.e.m.c.i.e.AbstractTransferListenerAdapter - Downloaded https://repo.maven.apache.org/maven2/org/apache/maven/surefire/surefire-extensions-api/3.3.0/surefire-extensions-api-3.3.0.jar
2024-09-29 20:07:57,434 [Worker-57: Launching AppTest] INFO  o.e.m.c.i.e.AbstractTransferListenerAdapter - Downloading https://repo.maven.apache.org/maven2/org/junit/platform/junit-platform-launcher/1.11.0/junit-platform-launcher-1.11.0.jar
2024-09-29 20:07:57,447 [Worker-57: Launching AppTest] INFO  o.e.m.c.i.e.AbstractTransferListenerAdapter - Downloaded https://repo.maven.apache.org/maven2/org/junit/platform/junit-platform-launcher/1.11.0/junit-platform-launcher-1.11.0.jar
2024-09-29 20:07:57,458 [Worker-57: Launching AppTest] INFO  o.e.m.c.i.e.AbstractTransferListenerAdapter - Downloading https://repo.maven.apache.org/maven2/org/junit/platform/junit-platform-engine/1.11.0/junit-platform-engine-1.11.0.jar
2024-09-29 20:07:57,479 [Worker-57: Launching AppTest] INFO  o.e.m.c.i.e.AbstractTransferListenerAdapter - Downloaded https://repo.maven.apache.org/maven2/org/junit/platform/junit-platform-engine/1.11.0/junit-platform-engine-1.11.0.jar
2024-09-29 20:07:57,490 [Worker-57: Launching AppTest] INFO  o.e.m.c.i.e.AbstractTransferListenerAdapter - Downloading https://repo.maven.apache.org/maven2/org/junit/jupiter/junit-jupiter-engine/5.11.0/junit-jupiter-engine-5.11.0.jar
2024-09-29 20:07:57,507 [Worker-57: Launching AppTest] INFO  o.e.m.c.i.e.AbstractTransferListenerAdapter - Downloaded https://repo.maven.apache.org/maven2/org/junit/jupiter/junit-jupiter-engine/5.11.0/junit-jupiter-engine-5.11.0.jar
2024-09-29 20:11:48,973 [Worker-63: Updating Maven Dependencies] ERROR o.e.m.j.i.l.MavenLaunchConfigurationListener - Launch configuration AppTest references non-existing project lp2_t1_sirvas_rueda.
org.eclipse.core.runtime.CoreException: Launch configuration AppTest references non-existing project lp2_t1_sirvas_rueda.
	at org.eclipse.jdt.launching.JavaRuntime.abort(JavaRuntime.java:1870)
	at org.eclipse.jdt.launching.JavaRuntime.getJavaProject(JavaRuntime.java:1747)
	at org.eclipse.m2e.jdt.internal.launch.MavenLaunchConfigurationListener.updateLaunchConfiguration(MavenLaunchConfigurationListener.java:66)
	at org.eclipse.m2e.jdt.internal.launch.MavenLaunchConfigurationListener.launchConfigurationChanged(MavenLaunchConfigurationListener.java:52)
	at org.eclipse.debug.internal.core.LaunchManager$ConfigurationNotifier.run(LaunchManager.java:219)
	at org.eclipse.core.runtime.SafeRunner.run(SafeRunner.java:47)
	at org.eclipse.debug.internal.core.LaunchManager$ConfigurationNotifier.notify(LaunchManager.java:203)
	at org.eclipse.debug.internal.core.LaunchConfigurationWorkingCopy.setDirty(LaunchConfigurationWorkingCopy.java:527)
	at org.eclipse.debug.internal.core.LaunchConfigurationWorkingCopy.setAttribute(LaunchConfigurationWorkingCopy.java:415)
	at org.eclipse.m2e.jdt.internal.launch.MavenRuntimeClasspathProvider.disable(MavenRuntimeClasspathProvider.java:409)
	at org.eclipse.m2e.jdt.internal.launch.MavenRuntimeClasspathProvider.disable(MavenRuntimeClasspathProvider.java:435)
	at org.eclipse.m2e.jdt.internal.launch.MavenLaunchConfigurationListener.mavenProjectChanged(MavenLaunchConfigurationListener.java:137)
	at org.eclipse.m2e.core.internal.project.registry.ProjectRegistryManager.notifyProjectChangeListeners(ProjectRegistryManager.java:892)
	at org.eclipse.m2e.core.internal.project.registry.ProjectRegistryManager.applyMutableProjectRegistry(ProjectRegistryManager.java:1042)
	at org.eclipse.m2e.core.internal.project.registry.ProjectRegistryRefreshJob.lambda$0(ProjectRegistryRefreshJob.java:162)
	at org.eclipse.m2e.core.internal.embedder.MavenExecutionContext.executeBare(MavenExecutionContext.java:458)
	at org.eclipse.m2e.core.internal.embedder.MavenExecutionContext.execute(MavenExecutionContext.java:339)
	at org.eclipse.m2e.core.internal.embedder.MavenExecutionContext.execute(MavenExecutionContext.java:278)
	at org.eclipse.m2e.core.internal.project.registry.ProjectRegistryRefreshJob.run(ProjectRegistryRefreshJob.java:106)
	at org.eclipse.core.internal.jobs.Worker.run(Worker.java:63)
2024-09-29 20:11:48,980 [Worker-63: Updating Maven Dependencies] ERROR o.e.m.j.i.l.MavenLaunchConfigurationListener - Launch configuration AppTest references non-existing project lp2_t1_sirvas_rueda.
org.eclipse.core.runtime.CoreException: Launch configuration AppTest references non-existing project lp2_t1_sirvas_rueda.
	at org.eclipse.jdt.launching.JavaRuntime.abort(JavaRuntime.java:1870)
	at org.eclipse.jdt.launching.JavaRuntime.getJavaProject(JavaRuntime.java:1747)
	at org.eclipse.m2e.jdt.internal.launch.MavenLaunchConfigurationListener.updateLaunchConfiguration(MavenLaunchConfigurationListener.java:66)
	at org.eclipse.m2e.jdt.internal.launch.MavenLaunchConfigurationListener.launchConfigurationChanged(MavenLaunchConfigurationListener.java:52)
	at org.eclipse.debug.internal.core.LaunchManager$ConfigurationNotifier.run(LaunchManager.java:219)
	at org.eclipse.core.runtime.SafeRunner.run(SafeRunner.java:47)
	at org.eclipse.debug.internal.core.LaunchManager$ConfigurationNotifier.notify(LaunchManager.java:203)
	at org.eclipse.debug.internal.core.LaunchConfigurationWorkingCopy.setDirty(LaunchConfigurationWorkingCopy.java:527)
	at org.eclipse.debug.internal.core.LaunchConfigurationWorkingCopy.setAttribute(LaunchConfigurationWorkingCopy.java:415)
	at org.eclipse.m2e.jdt.internal.launch.MavenRuntimeClasspathProvider.disable(MavenRuntimeClasspathProvider.java:410)
	at org.eclipse.m2e.jdt.internal.launch.MavenRuntimeClasspathProvider.disable(MavenRuntimeClasspathProvider.java:435)
	at org.eclipse.m2e.jdt.internal.launch.MavenLaunchConfigurationListener.mavenProjectChanged(MavenLaunchConfigurationListener.java:137)
	at org.eclipse.m2e.core.internal.project.registry.ProjectRegistryManager.notifyProjectChangeListeners(ProjectRegistryManager.java:892)
	at org.eclipse.m2e.core.internal.project.registry.ProjectRegistryManager.applyMutableProjectRegistry(ProjectRegistryManager.java:1042)
	at org.eclipse.m2e.core.internal.project.registry.ProjectRegistryRefreshJob.lambda$0(ProjectRegistryRefreshJob.java:162)
	at org.eclipse.m2e.core.internal.embedder.MavenExecutionContext.executeBare(MavenExecutionContext.java:458)
	at org.eclipse.m2e.core.internal.embedder.MavenExecutionContext.execute(MavenExecutionContext.java:339)
	at org.eclipse.m2e.core.internal.embedder.MavenExecutionContext.execute(MavenExecutionContext.java:278)
	at org.eclipse.m2e.core.internal.project.registry.ProjectRegistryRefreshJob.run(ProjectRegistryRefreshJob.java:106)
	at org.eclipse.core.internal.jobs.Worker.run(Worker.java:63)
2024-09-29 20:11:48,983 [Worker-63: Updating Maven Dependencies] ERROR o.e.m.j.i.l.MavenLaunchConfigurationListener - Launch configuration AppTest references non-existing project lp2_t1_sirvas_rueda.
org.eclipse.core.runtime.CoreException: Launch configuration AppTest references non-existing project lp2_t1_sirvas_rueda.
	at org.eclipse.jdt.launching.JavaRuntime.abort(JavaRuntime.java:1870)
	at org.eclipse.jdt.launching.JavaRuntime.getJavaProject(JavaRuntime.java:1747)
	at org.eclipse.m2e.jdt.internal.launch.MavenLaunchConfigurationListener.updateLaunchConfiguration(MavenLaunchConfigurationListener.java:66)
	at org.eclipse.m2e.jdt.internal.launch.MavenLaunchConfigurationListener.launchConfigurationChanged(MavenLaunchConfigurationListener.java:52)
	at org.eclipse.debug.internal.core.LaunchManager$ConfigurationNotifier.run(LaunchManager.java:219)
	at org.eclipse.core.runtime.SafeRunner.run(SafeRunner.java:47)
	at org.eclipse.debug.internal.core.LaunchManager$ConfigurationNotifier.notify(LaunchManager.java:203)
	at org.eclipse.debug.internal.core.LaunchManager.launchConfigurationChanged(LaunchManager.java:1960)
	at org.eclipse.debug.internal.core.LaunchConfigurationWorkingCopy.writeNewFile(LaunchConfigurationWorkingCopy.java:380)
	at org.eclipse.debug.internal.core.LaunchConfigurationWorkingCopy.doSave0(LaunchConfigurationWorkingCopy.java:259)
	at org.eclipse.debug.internal.core.LaunchConfigurationWorkingCopy.doSave(LaunchConfigurationWorkingCopy.java:229)
	at org.eclipse.debug.internal.core.LaunchConfigurationWorkingCopy.doSave(LaunchConfigurationWorkingCopy.java:187)
	at org.eclipse.m2e.jdt.internal.launch.MavenRuntimeClasspathProvider.disable(MavenRuntimeClasspathProvider.java:411)
	at org.eclipse.m2e.jdt.internal.launch.MavenRuntimeClasspathProvider.disable(MavenRuntimeClasspathProvider.java:435)
	at org.eclipse.m2e.jdt.internal.launch.MavenLaunchConfigurationListener.mavenProjectChanged(MavenLaunchConfigurationListener.java:137)
	at org.eclipse.m2e.core.internal.project.registry.ProjectRegistryManager.notifyProjectChangeListeners(ProjectRegistryManager.java:892)
	at org.eclipse.m2e.core.internal.project.registry.ProjectRegistryManager.applyMutableProjectRegistry(ProjectRegistryManager.java:1042)
	at org.eclipse.m2e.core.internal.project.registry.ProjectRegistryRefreshJob.lambda$0(ProjectRegistryRefreshJob.java:162)
	at org.eclipse.m2e.core.internal.embedder.MavenExecutionContext.executeBare(MavenExecutionContext.java:458)
	at org.eclipse.m2e.core.internal.embedder.MavenExecutionContext.execute(MavenExecutionContext.java:339)
	at org.eclipse.m2e.core.internal.embedder.MavenExecutionContext.execute(MavenExecutionContext.java:278)
	at org.eclipse.m2e.core.internal.project.registry.ProjectRegistryRefreshJob.run(ProjectRegistryRefreshJob.java:106)
	at org.eclipse.core.internal.jobs.Worker.run(Worker.java:63)
2024-09-29 21:38:43,017 [Worker-65: Importing Maven projects] INFO  o.e.m.c.i.l.LifecycleMappingFactory - Using org.eclipse.m2e.jdt.JarLifecycleMapping lifecycle mapping for MavenProject: pe.edu.cibertec.sirvasrueda:lp2_t1:1.0.1 @ C:\Eclipse_WorkSpace_LP2\LPII_T1_SIRVAS_PEDRO\lp2_t1\pom.xml.
2024-09-29 21:38:43,090 [Worker-65: Importing Maven projects] INFO  o.e.m.j.i.AbstractJavaProjectConfigurator - Adding source folder /lp2_t1/src/main/java
2024-09-29 21:38:43,091 [Worker-65: Importing Maven projects] INFO  o.e.m.j.i.AbstractJavaProjectConfigurator - Adding resource folder /lp2_t1/src/main/resources
2024-09-29 21:38:43,093 [Worker-65: Importing Maven projects] INFO  o.e.m.j.i.AbstractJavaProjectConfigurator - Adding source folder /lp2_t1/src/test/java
2024-09-29 21:38:43,093 [Worker-65: Importing Maven projects] INFO  o.e.m.j.i.AbstractJavaProjectConfigurator - Adding resource folder /lp2_t1/src/test/resources
2024-09-29 21:38:43,136 [Worker-65: Importing Maven projects] INFO  o.e.m.c.i.p.ProjectConfigurationManager - Imported and configured 1 project(s) in 0 sec
2024-09-29 21:38:43,530 [Worker-68: Building] INFO  o.a.m.s.f.DefaultMavenResourcesFiltering - skip non existing resourceDirectory C:\Eclipse_WorkSpace_LP2\LPII_T1_SIRVAS_PEDRO\lp2_t1\src\main\resources
2024-09-29 21:38:43,533 [Worker-68: Building] INFO  o.a.m.s.f.DefaultMavenResourcesFiltering - skip non existing resourceDirectory C:\Eclipse_WorkSpace_LP2\LPII_T1_SIRVAS_PEDRO\lp2_t1\src\test\resources
2024-09-29 21:55:02,398 [Worker-70: Building] INFO  o.e.m.c.i.l.LifecycleMappingFactory - Using org.eclipse.m2e.jdt.JarLifecycleMapping lifecycle mapping for MavenProject: pe.edu.cibertec.sirvasrueda:lp2_t1:1.0.1 @ C:\Eclipse_WorkSpace_LP2\LPII_T1_SIRVAS_PEDRO\lp2_t1\pom.xml.
2024-09-29 21:55:02,463 [Worker-70: Building] INFO  o.e.m.c.i.e.AbstractTransferListenerAdapter - Downloading https://repo.maven.apache.org/maven2/com/mysql/mysql-connector-j/8.4.0/mysql-connector-j-8.4.0.pom
2024-09-29 21:55:02,467 [Worker-70: Building] INFO  o.e.m.c.i.e.AbstractTransferListenerAdapter - Downloaded https://repo.maven.apache.org/maven2/com/mysql/mysql-connector-j/8.4.0/mysql-connector-j-8.4.0.pom
2024-09-29 21:55:02,477 [Worker-70: Building] INFO  o.e.m.c.i.e.AbstractTransferListenerAdapter - Downloading https://repo.maven.apache.org/maven2/com/google/protobuf/protobuf-java/3.25.1/protobuf-java-3.25.1.pom
2024-09-29 21:55:02,481 [Worker-70: Building] INFO  o.e.m.c.i.e.AbstractTransferListenerAdapter - Downloaded https://repo.maven.apache.org/maven2/com/google/protobuf/protobuf-java/3.25.1/protobuf-java-3.25.1.pom
2024-09-29 21:55:02,489 [Worker-70: Building] INFO  o.e.m.c.i.e.AbstractTransferListenerAdapter - Downloading https://repo.maven.apache.org/maven2/com/google/protobuf/protobuf-parent/3.25.1/protobuf-parent-3.25.1.pom
2024-09-29 21:55:02,493 [Worker-70: Building] INFO  o.e.m.c.i.e.AbstractTransferListenerAdapter - Downloaded https://repo.maven.apache.org/maven2/com/google/protobuf/protobuf-parent/3.25.1/protobuf-parent-3.25.1.pom
2024-09-29 21:55:02,502 [Worker-70: Building] INFO  o.e.m.c.i.e.AbstractTransferListenerAdapter - Downloading https://repo.maven.apache.org/maven2/com/google/protobuf/protobuf-bom/3.25.1/protobuf-bom-3.25.1.pom
2024-09-29 21:55:02,506 [Worker-70: Building] INFO  o.e.m.c.i.e.AbstractTransferListenerAdapter - Downloaded https://repo.maven.apache.org/maven2/com/google/protobuf/protobuf-bom/3.25.1/protobuf-bom-3.25.1.pom
2024-09-29 21:55:02,520 [Worker-70: Building] INFO  o.e.m.c.i.e.AbstractTransferListenerAdapter - Downloading https://repo.maven.apache.org/maven2/com/mysql/mysql-connector-j/8.4.0/mysql-connector-j-8.4.0.jar
2024-09-29 21:55:02,666 [Worker-70: Building] INFO  o.e.m.c.i.e.AbstractTransferListenerAdapter - Downloaded https://repo.maven.apache.org/maven2/com/mysql/mysql-connector-j/8.4.0/mysql-connector-j-8.4.0.jar
2024-09-29 21:55:02,673 [BasicRepositoryConnector-repo.maven.apache.org-2-0] INFO  o.e.m.c.i.e.AbstractTransferListenerAdapter - Downloading https://repo.maven.apache.org/maven2/com/google/protobuf/protobuf-java/3.25.1/protobuf-java-3.25.1.jar
2024-09-29 21:55:02,762 [BasicRepositoryConnector-repo.maven.apache.org-2-0] INFO  o.e.m.c.i.e.AbstractTransferListenerAdapter - Downloaded https://repo.maven.apache.org/maven2/com/google/protobuf/protobuf-java/3.25.1/protobuf-java-3.25.1.jar
2024-09-29 21:55:02,848 [Worker-70: Building] INFO  o.a.m.s.f.DefaultMavenResourcesFiltering - skip non existing resourceDirectory C:\Eclipse_WorkSpace_LP2\LPII_T1_SIRVAS_PEDRO\lp2_t1\src\main\resources
2024-09-29 21:55:02,851 [Worker-70: Building] INFO  o.a.m.s.f.DefaultMavenResourcesFiltering - skip non existing resourceDirectory C:\Eclipse_WorkSpace_LP2\LPII_T1_SIRVAS_PEDRO\lp2_t1\src\test\resources
2024-09-29 21:55:03,860 [Worker-75: Download sources and javadoc] INFO  o.e.m.c.i.e.AbstractTransferListenerAdapter - Downloading https://repo.maven.apache.org/maven2/com/mysql/mysql-connector-j/8.4.0/mysql-connector-j-8.4.0-sources.jar
2024-09-29 21:55:03,939 [Worker-75: Download sources and javadoc] INFO  o.e.m.c.i.e.AbstractTransferListenerAdapter - Downloaded https://repo.maven.apache.org/maven2/com/mysql/mysql-connector-j/8.4.0/mysql-connector-j-8.4.0-sources.jar
2024-09-29 21:55:03,942 [Worker-75: Download sources and javadoc] INFO  o.e.m.j.internal.DownloadSourcesJob - Downloaded sources for com.mysql:mysql-connector-j:8.4.0
2024-09-29 21:55:03,962 [Worker-75: Download sources and javadoc] INFO  o.e.m.c.i.e.AbstractTransferListenerAdapter - Downloading https://repo.maven.apache.org/maven2/com/google/protobuf/protobuf-java/3.25.1/protobuf-java-3.25.1-sources.jar
2024-09-29 21:55:04,006 [Worker-75: Download sources and javadoc] INFO  o.e.m.c.i.e.AbstractTransferListenerAdapter - Downloaded https://repo.maven.apache.org/maven2/com/google/protobuf/protobuf-java/3.25.1/protobuf-java-3.25.1-sources.jar
2024-09-29 21:55:04,009 [Worker-75: Download sources and javadoc] INFO  o.e.m.j.internal.DownloadSourcesJob - Downloaded sources for com.google.protobuf:protobuf-java:3.25.1
2024-09-29 21:55:04,148 [Worker-75: Building] INFO  o.a.m.s.f.DefaultMavenResourcesFiltering - skip non existing resourceDirectory C:\Eclipse_WorkSpace_LP2\LPII_T1_SIRVAS_PEDRO\lp2_t1\src\main\resources
2024-09-29 21:55:04,150 [Worker-75: Building] INFO  o.a.m.s.f.DefaultMavenResourcesFiltering - skip non existing resourceDirectory C:\Eclipse_WorkSpace_LP2\LPII_T1_SIRVAS_PEDRO\lp2_t1\src\test\resources
2024-09-29 22:05:26,665 [Worker-81: Building] INFO  o.e.m.c.i.l.LifecycleMappingFactory - Using org.eclipse.m2e.jdt.JarLifecycleMapping lifecycle mapping for MavenProject: pe.edu.cibertec.sirvasrueda:lp2_t1:1.0.1 @ C:\Eclipse_WorkSpace_LP2\LPII_T1_SIRVAS_PEDRO\lp2_t1\pom.xml.
2024-09-29 22:05:26,691 [Worker-81: Building] INFO  o.e.m.c.i.e.AbstractTransferListenerAdapter - Downloading https://repo.maven.apache.org/maven2/jakarta/persistence/jakarta.persistence-api/3.2.0/jakarta.persistence-api-3.2.0.pom
2024-09-29 22:05:26,695 [Worker-81: Building] INFO  o.e.m.c.i.e.AbstractTransferListenerAdapter - Downloaded https://repo.maven.apache.org/maven2/jakarta/persistence/jakarta.persistence-api/3.2.0/jakarta.persistence-api-3.2.0.pom
2024-09-29 22:05:26,711 [Worker-81: Building] INFO  o.e.m.c.i.e.AbstractTransferListenerAdapter - Downloading https://repo.maven.apache.org/maven2/jakarta/persistence/jakarta.persistence-api/3.2.0/jakarta.persistence-api-3.2.0.jar
2024-09-29 22:05:26,722 [Worker-81: Building] INFO  o.e.m.c.i.e.AbstractTransferListenerAdapter - Downloaded https://repo.maven.apache.org/maven2/jakarta/persistence/jakarta.persistence-api/3.2.0/jakarta.persistence-api-3.2.0.jar
2024-09-29 22:05:26,798 [Worker-81: Building] INFO  o.a.m.s.f.DefaultMavenResourcesFiltering - skip non existing resourceDirectory C:\Eclipse_WorkSpace_LP2\LPII_T1_SIRVAS_PEDRO\lp2_t1\src\main\resources
2024-09-29 22:05:26,800 [Worker-81: Building] INFO  o.a.m.s.f.DefaultMavenResourcesFiltering - skip non existing resourceDirectory C:\Eclipse_WorkSpace_LP2\LPII_T1_SIRVAS_PEDRO\lp2_t1\src\test\resources
2024-09-29 22:05:27,817 [Worker-80: Download sources and javadoc] INFO  o.e.m.c.i.e.AbstractTransferListenerAdapter - Downloading https://repo.maven.apache.org/maven2/jakarta/persistence/jakarta.persistence-api/3.2.0/jakarta.persistence-api-3.2.0-sources.jar
2024-09-29 22:05:27,853 [Worker-80: Download sources and javadoc] INFO  o.e.m.c.i.e.AbstractTransferListenerAdapter - Downloaded https://repo.maven.apache.org/maven2/jakarta/persistence/jakarta.persistence-api/3.2.0/jakarta.persistence-api-3.2.0-sources.jar
2024-09-29 22:05:27,855 [Worker-80: Download sources and javadoc] INFO  o.e.m.j.internal.DownloadSourcesJob - Downloaded sources for jakarta.persistence:jakarta.persistence-api:3.2.0
2024-09-29 22:05:28,016 [Worker-79: Building] INFO  o.a.m.s.f.DefaultMavenResourcesFiltering - skip non existing resourceDirectory C:\Eclipse_WorkSpace_LP2\LPII_T1_SIRVAS_PEDRO\lp2_t1\src\main\resources
2024-09-29 22:05:28,017 [Worker-79: Building] INFO  o.a.m.s.f.DefaultMavenResourcesFiltering - skip non existing resourceDirectory C:\Eclipse_WorkSpace_LP2\LPII_T1_SIRVAS_PEDRO\lp2_t1\src\test\resources
2024-09-29 22:07:16,737 [Worker-83: Building] INFO  o.e.m.c.i.l.LifecycleMappingFactory - Using org.eclipse.m2e.jdt.JarLifecycleMapping lifecycle mapping for MavenProject: pe.edu.cibertec.sirvasrueda:lp2_t1:1.0.1 @ C:\Eclipse_WorkSpace_LP2\LPII_T1_SIRVAS_PEDRO\lp2_t1\pom.xml.
2024-09-29 22:07:16,802 [Worker-83: Building] INFO  o.e.m.c.i.e.AbstractTransferListenerAdapter - Downloading https://repo.maven.apache.org/maven2/org/eclipse/persistence/eclipselink/3.0.4/eclipselink-3.0.4.pom
2024-09-29 22:07:16,806 [Worker-83: Building] INFO  o.e.m.c.i.e.AbstractTransferListenerAdapter - Downloaded https://repo.maven.apache.org/maven2/org/eclipse/persistence/eclipselink/3.0.4/eclipselink-3.0.4.pom
2024-09-29 22:07:16,823 [Worker-83: Building] INFO  o.e.m.c.i.e.AbstractTransferListenerAdapter - Downloading https://repo.maven.apache.org/maven2/org/eclipse/persistence/org.eclipse.persistence.bundles/3.0.4/org.eclipse.persistence.bundles-3.0.4.pom
2024-09-29 22:07:16,826 [Worker-83: Building] INFO  o.e.m.c.i.e.AbstractTransferListenerAdapter - Downloaded https://repo.maven.apache.org/maven2/org/eclipse/persistence/org.eclipse.persistence.bundles/3.0.4/org.eclipse.persistence.bundles-3.0.4.pom
2024-09-29 22:07:16,835 [Worker-83: Building] INFO  o.e.m.c.i.e.AbstractTransferListenerAdapter - Downloading https://repo.maven.apache.org/maven2/org/eclipse/persistence/org.eclipse.persistence.parent/3.0.4/org.eclipse.persistence.parent-3.0.4.pom
2024-09-29 22:07:16,842 [Worker-83: Building] INFO  o.e.m.c.i.e.AbstractTransferListenerAdapter - Downloaded https://repo.maven.apache.org/maven2/org/eclipse/persistence/org.eclipse.persistence.parent/3.0.4/org.eclipse.persistence.parent-3.0.4.pom
2024-09-29 22:07:16,860 [Worker-83: Building] INFO  o.e.m.c.i.e.AbstractTransferListenerAdapter - Downloading https://repo.maven.apache.org/maven2/org/eclipse/persistence/eclipselink/3.0.4/eclipselink-3.0.4.jar
2024-09-29 22:07:17,328 [Worker-83: Building] INFO  o.e.m.c.i.e.AbstractTransferListenerAdapter - Downloaded https://repo.maven.apache.org/maven2/org/eclipse/persistence/eclipselink/3.0.4/eclipselink-3.0.4.jar
2024-09-29 22:07:17,404 [Worker-83: Building] INFO  o.a.m.s.f.DefaultMavenResourcesFiltering - skip non existing resourceDirectory C:\Eclipse_WorkSpace_LP2\LPII_T1_SIRVAS_PEDRO\lp2_t1\src\main\resources
2024-09-29 22:07:17,407 [Worker-83: Building] INFO  o.a.m.s.f.DefaultMavenResourcesFiltering - skip non existing resourceDirectory C:\Eclipse_WorkSpace_LP2\LPII_T1_SIRVAS_PEDRO\lp2_t1\src\test\resources
2024-09-29 22:07:18,586 [Worker-83: Building] INFO  o.a.m.s.f.DefaultMavenResourcesFiltering - skip non existing resourceDirectory C:\Eclipse_WorkSpace_LP2\LPII_T1_SIRVAS_PEDRO\lp2_t1\src\main\resources
2024-09-29 22:07:18,588 [Worker-83: Building] INFO  o.a.m.s.f.DefaultMavenResourcesFiltering - skip non existing resourceDirectory C:\Eclipse_WorkSpace_LP2\LPII_T1_SIRVAS_PEDRO\lp2_t1\src\test\resources
2024-09-29 22:07:18,648 [Worker-85: Download sources and javadoc] INFO  o.e.m.c.i.e.AbstractTransferListenerAdapter - Downloading https://repo.maven.apache.org/maven2/org/eclipse/persistence/eclipselink/3.0.4/eclipselink-3.0.4-sources.jar
2024-09-29 22:07:19,093 [Worker-85: Download sources and javadoc] INFO  o.e.m.c.i.e.AbstractTransferListenerAdapter - Downloaded https://repo.maven.apache.org/maven2/org/eclipse/persistence/eclipselink/3.0.4/eclipselink-3.0.4-sources.jar
2024-09-29 22:07:19,095 [Worker-85: Download sources and javadoc] INFO  o.e.m.j.internal.DownloadSourcesJob - Downloaded sources for org.eclipse.persistence:eclipselink:3.0.4
2024-09-29 22:19:05,854 [Worker-83: Building] INFO  o.a.m.s.f.DefaultMavenResourcesFiltering - skip non existing resourceDirectory C:\Eclipse_WorkSpace_LP2\LPII_T1_SIRVAS_PEDRO\lp2_t1\src\main\resources
2024-09-29 22:19:05,855 [Worker-83: Building] INFO  o.a.m.s.f.DefaultMavenResourcesFiltering - skip non existing resourceDirectory C:\Eclipse_WorkSpace_LP2\LPII_T1_SIRVAS_PEDRO\lp2_t1\src\test\resources
2024-09-29 22:21:39,844 [Worker-89: Building] INFO  o.a.m.s.f.DefaultMavenResourcesFiltering - Copying 0 resource from src\main\resources to target\classes
2024-09-29 22:21:39,845 [Worker-89: Building] INFO  o.a.m.s.f.DefaultMavenResourcesFiltering - Copying 0 resource from src\test\resources to target\test-classes
2024-09-29 22:22:36,958 [Worker-89: Building] INFO  o.a.m.s.f.DefaultMavenResourcesFiltering - Copying 0 resource from src\main\resources to target\classes
2024-09-29 22:22:36,960 [Worker-89: Building] INFO  o.a.m.s.f.DefaultMavenResourcesFiltering - Copying 0 resource from src\test\resources to target\test-classes
2024-09-29 22:23:24,918 [Worker-89: Launching Executing install in C__Eclipse_WorkSpace_LP2_LPII_T1_SIRVAS_PEDRO_lp2_t1] INFO  o.eclipse.m2e.core.internal.Bundles - getClasspathEntries(Bundle=org.eclipse.m2e.maven.runtime_3.9.900.20240824-1409 [643])
2024-09-29 22:23:24,918 [Worker-89: Launching Executing install in C__Eclipse_WorkSpace_LP2_LPII_T1_SIRVAS_PEDRO_lp2_t1] INFO  o.eclipse.m2e.core.internal.Bundles - 	Entry: C:\Java\eclipse\plugins\org.eclipse.m2e.maven.runtime_3.9.900.20240824-1409
2024-09-29 22:23:24,919 [Worker-89: Launching Executing install in C__Eclipse_WorkSpace_LP2_LPII_T1_SIRVAS_PEDRO_lp2_t1] INFO  o.eclipse.m2e.core.internal.Bundles - 	Entry: C:\Java\eclipse\plugins\org.eclipse.m2e.maven.runtime_3.9.900.20240824-1409\jars\aopalliance-1.0.jar
2024-09-29 22:23:24,919 [Worker-89: Launching Executing install in C__Eclipse_WorkSpace_LP2_LPII_T1_SIRVAS_PEDRO_lp2_t1] INFO  o.eclipse.m2e.core.internal.Bundles - 	Entry: C:\Java\eclipse\plugins\org.eclipse.m2e.maven.runtime_3.9.900.20240824-1409\jars\guice-5.1.0.jar
2024-09-29 22:23:24,919 [Worker-89: Launching Executing install in C__Eclipse_WorkSpace_LP2_LPII_T1_SIRVAS_PEDRO_lp2_t1] INFO  o.eclipse.m2e.core.internal.Bundles - 	Entry: C:\Java\eclipse\plugins\org.eclipse.m2e.maven.runtime_3.9.900.20240824-1409\jars\httpclient-4.5.14.jar
2024-09-29 22:23:24,919 [Worker-89: Launching Executing install in C__Eclipse_WorkSpace_LP2_LPII_T1_SIRVAS_PEDRO_lp2_t1] INFO  o.eclipse.m2e.core.internal.Bundles - 	Entry: C:\Java\eclipse\plugins\org.eclipse.m2e.maven.runtime_3.9.900.20240824-1409\jars\httpcore-4.4.16.jar
2024-09-29 22:23:24,920 [Worker-89: Launching Executing install in C__Eclipse_WorkSpace_LP2_LPII_T1_SIRVAS_PEDRO_lp2_t1] INFO  o.eclipse.m2e.core.internal.Bundles - 	Entry: C:\Java\eclipse\plugins\org.eclipse.m2e.maven.runtime_3.9.900.20240824-1409\jars\jansi-2.4.1.jar
2024-09-29 22:23:24,920 [Worker-89: Launching Executing install in C__Eclipse_WorkSpace_LP2_LPII_T1_SIRVAS_PEDRO_lp2_t1] INFO  o.eclipse.m2e.core.internal.Bundles - 	Entry: C:\Java\eclipse\plugins\org.eclipse.m2e.maven.runtime_3.9.900.20240824-1409\jars\jcl-over-slf4j-1.7.36.jar
2024-09-29 22:23:24,920 [Worker-89: Launching Executing install in C__Eclipse_WorkSpace_LP2_LPII_T1_SIRVAS_PEDRO_lp2_t1] INFO  o.eclipse.m2e.core.internal.Bundles - 	Entry: C:\Java\eclipse\plugins\org.eclipse.m2e.maven.runtime_3.9.900.20240824-1409\jars\maven-artifact-3.9.9.jar
2024-09-29 22:23:24,920 [Worker-89: Launching Executing install in C__Eclipse_WorkSpace_LP2_LPII_T1_SIRVAS_PEDRO_lp2_t1] INFO  o.eclipse.m2e.core.internal.Bundles - 	Entry: C:\Java\eclipse\plugins\org.eclipse.m2e.maven.runtime_3.9.900.20240824-1409\jars\maven-builder-support-3.9.9.jar
2024-09-29 22:23:24,920 [Worker-89: Launching Executing install in C__Eclipse_WorkSpace_LP2_LPII_T1_SIRVAS_PEDRO_lp2_t1] INFO  o.eclipse.m2e.core.internal.Bundles - 	Entry: C:\Java\eclipse\plugins\org.eclipse.m2e.maven.runtime_3.9.900.20240824-1409\jars\maven-compat-3.9.9.jar
2024-09-29 22:23:24,920 [Worker-89: Launching Executing install in C__Eclipse_WorkSpace_LP2_LPII_T1_SIRVAS_PEDRO_lp2_t1] INFO  o.eclipse.m2e.core.internal.Bundles - 	Entry: C:\Java\eclipse\plugins\org.eclipse.m2e.maven.runtime_3.9.900.20240824-1409\jars\maven-core-3.9.9.jar
2024-09-29 22:23:24,921 [Worker-89: Launching Executing install in C__Eclipse_WorkSpace_LP2_LPII_T1_SIRVAS_PEDRO_lp2_t1] INFO  o.eclipse.m2e.core.internal.Bundles - 	Entry: C:\Java\eclipse\plugins\org.eclipse.m2e.maven.runtime_3.9.900.20240824-1409\jars\maven-embedder-3.9.9.jar
2024-09-29 22:23:24,921 [Worker-89: Launching Executing install in C__Eclipse_WorkSpace_LP2_LPII_T1_SIRVAS_PEDRO_lp2_t1] INFO  o.eclipse.m2e.core.internal.Bundles - 	Entry: C:\Java\eclipse\plugins\org.eclipse.m2e.maven.runtime_3.9.900.20240824-1409\jars\maven-model-3.9.9.jar
2024-09-29 22:23:24,921 [Worker-89: Launching Executing install in C__Eclipse_WorkSpace_LP2_LPII_T1_SIRVAS_PEDRO_lp2_t1] INFO  o.eclipse.m2e.core.internal.Bundles - 	Entry: C:\Java\eclipse\plugins\org.eclipse.m2e.maven.runtime_3.9.900.20240824-1409\jars\maven-model-builder-3.9.9.jar
2024-09-29 22:23:24,921 [Worker-89: Launching Executing install in C__Eclipse_WorkSpace_LP2_LPII_T1_SIRVAS_PEDRO_lp2_t1] INFO  o.eclipse.m2e.core.internal.Bundles - 	Entry: C:\Java\eclipse\plugins\org.eclipse.m2e.maven.runtime_3.9.900.20240824-1409\jars\maven-plugin-api-3.9.9.jar
2024-09-29 22:23:24,921 [Worker-89: Launching Executing install in C__Eclipse_WorkSpace_LP2_LPII_T1_SIRVAS_PEDRO_lp2_t1] INFO  o.eclipse.m2e.core.internal.Bundles - 	Entry: C:\Java\eclipse\plugins\org.eclipse.m2e.maven.runtime_3.9.900.20240824-1409\jars\maven-repository-metadata-3.9.9.jar
2024-09-29 22:23:24,921 [Worker-89: Launching Executing install in C__Eclipse_WorkSpace_LP2_LPII_T1_SIRVAS_PEDRO_lp2_t1] INFO  o.eclipse.m2e.core.internal.Bundles - 	Entry: C:\Java\eclipse\plugins\org.eclipse.m2e.maven.runtime_3.9.900.20240824-1409\jars\maven-resolver-api-1.9.22.jar
2024-09-29 22:23:24,922 [Worker-89: Launching Executing install in C__Eclipse_WorkSpace_LP2_LPII_T1_SIRVAS_PEDRO_lp2_t1] INFO  o.eclipse.m2e.core.internal.Bundles - 	Entry: C:\Java\eclipse\plugins\org.eclipse.m2e.maven.runtime_3.9.900.20240824-1409\jars\maven-resolver-connector-basic-1.9.22.jar
2024-09-29 22:23:24,922 [Worker-89: Launching Executing install in C__Eclipse_WorkSpace_LP2_LPII_T1_SIRVAS_PEDRO_lp2_t1] INFO  o.eclipse.m2e.core.internal.Bundles - 	Entry: C:\Java\eclipse\plugins\org.eclipse.m2e.maven.runtime_3.9.900.20240824-1409\jars\maven-resolver-impl-1.9.22.jar
2024-09-29 22:23:24,922 [Worker-89: Launching Executing install in C__Eclipse_WorkSpace_LP2_LPII_T1_SIRVAS_PEDRO_lp2_t1] INFO  o.eclipse.m2e.core.internal.Bundles - 	Entry: C:\Java\eclipse\plugins\org.eclipse.m2e.maven.runtime_3.9.900.20240824-1409\jars\maven-resolver-named-locks-1.9.22.jar
2024-09-29 22:23:24,922 [Worker-89: Launching Executing install in C__Eclipse_WorkSpace_LP2_LPII_T1_SIRVAS_PEDRO_lp2_t1] INFO  o.eclipse.m2e.core.internal.Bundles - 	Entry: C:\Java\eclipse\plugins\org.eclipse.m2e.maven.runtime_3.9.900.20240824-1409\jars\maven-resolver-provider-3.9.9.jar
2024-09-29 22:23:24,922 [Worker-89: Launching Executing install in C__Eclipse_WorkSpace_LP2_LPII_T1_SIRVAS_PEDRO_lp2_t1] INFO  o.eclipse.m2e.core.internal.Bundles - 	Entry: C:\Java\eclipse\plugins\org.eclipse.m2e.maven.runtime_3.9.900.20240824-1409\jars\maven-resolver-spi-1.9.22.jar
2024-09-29 22:23:24,922 [Worker-89: Launching Executing install in C__Eclipse_WorkSpace_LP2_LPII_T1_SIRVAS_PEDRO_lp2_t1] INFO  o.eclipse.m2e.core.internal.Bundles - 	Entry: C:\Java\eclipse\plugins\org.eclipse.m2e.maven.runtime_3.9.900.20240824-1409\jars\maven-resolver-transport-file-1.9.22.jar
2024-09-29 22:23:24,922 [Worker-89: Launching Executing install in C__Eclipse_WorkSpace_LP2_LPII_T1_SIRVAS_PEDRO_lp2_t1] INFO  o.eclipse.m2e.core.internal.Bundles - 	Entry: C:\Java\eclipse\plugins\org.eclipse.m2e.maven.runtime_3.9.900.20240824-1409\jars\maven-resolver-transport-http-1.9.22.jar
2024-09-29 22:23:24,923 [Worker-89: Launching Executing install in C__Eclipse_WorkSpace_LP2_LPII_T1_SIRVAS_PEDRO_lp2_t1] INFO  o.eclipse.m2e.core.internal.Bundles - 	Entry: C:\Java\eclipse\plugins\org.eclipse.m2e.maven.runtime_3.9.900.20240824-1409\jars\maven-resolver-transport-wagon-1.9.22.jar
2024-09-29 22:23:24,923 [Worker-89: Launching Executing install in C__Eclipse_WorkSpace_LP2_LPII_T1_SIRVAS_PEDRO_lp2_t1] INFO  o.eclipse.m2e.core.internal.Bundles - 	Entry: C:\Java\eclipse\plugins\org.eclipse.m2e.maven.runtime_3.9.900.20240824-1409\jars\maven-resolver-util-1.9.22.jar
2024-09-29 22:23:24,923 [Worker-89: Launching Executing install in C__Eclipse_WorkSpace_LP2_LPII_T1_SIRVAS_PEDRO_lp2_t1] INFO  o.eclipse.m2e.core.internal.Bundles - 	Entry: C:\Java\eclipse\plugins\org.eclipse.m2e.maven.runtime_3.9.900.20240824-1409\jars\maven-settings-3.9.9.jar
2024-09-29 22:23:24,923 [Worker-89: Launching Executing install in C__Eclipse_WorkSpace_LP2_LPII_T1_SIRVAS_PEDRO_lp2_t1] INFO  o.eclipse.m2e.core.internal.Bundles - 	Entry: C:\Java\eclipse\plugins\org.eclipse.m2e.maven.runtime_3.9.900.20240824-1409\jars\maven-settings-builder-3.9.9.jar
2024-09-29 22:23:24,923 [Worker-89: Launching Executing install in C__Eclipse_WorkSpace_LP2_LPII_T1_SIRVAS_PEDRO_lp2_t1] INFO  o.eclipse.m2e.core.internal.Bundles - 	Entry: C:\Java\eclipse\plugins\org.eclipse.m2e.maven.runtime_3.9.900.20240824-1409\jars\maven-shared-utils-3.4.2.jar
2024-09-29 22:23:24,923 [Worker-89: Launching Executing install in C__Eclipse_WorkSpace_LP2_LPII_T1_SIRVAS_PEDRO_lp2_t1] INFO  o.eclipse.m2e.core.internal.Bundles - 	Entry: C:\Java\eclipse\plugins\org.eclipse.m2e.maven.runtime_3.9.900.20240824-1409\jars\org.eclipse.sisu.inject-0.9.0.M3.jar
2024-09-29 22:23:24,923 [Worker-89: Launching Executing install in C__Eclipse_WorkSpace_LP2_LPII_T1_SIRVAS_PEDRO_lp2_t1] INFO  o.eclipse.m2e.core.internal.Bundles - 	Entry: C:\Java\eclipse\plugins\org.eclipse.m2e.maven.runtime_3.9.900.20240824-1409\jars\org.eclipse.sisu.plexus-0.9.0.M3.jar
2024-09-29 22:23:24,924 [Worker-89: Launching Executing install in C__Eclipse_WorkSpace_LP2_LPII_T1_SIRVAS_PEDRO_lp2_t1] INFO  o.eclipse.m2e.core.internal.Bundles - 	Entry: C:\Java\eclipse\plugins\org.eclipse.m2e.maven.runtime_3.9.900.20240824-1409\jars\plexus-build-api-0.0.7.jar
2024-09-29 22:23:24,924 [Worker-89: Launching Executing install in C__Eclipse_WorkSpace_LP2_LPII_T1_SIRVAS_PEDRO_lp2_t1] INFO  o.eclipse.m2e.core.internal.Bundles - 	Entry: C:\Java\eclipse\plugins\org.eclipse.m2e.maven.runtime_3.9.900.20240824-1409\jars\plexus-build-api-1.2.0.jar
2024-09-29 22:23:24,924 [Worker-89: Launching Executing install in C__Eclipse_WorkSpace_LP2_LPII_T1_SIRVAS_PEDRO_lp2_t1] INFO  o.eclipse.m2e.core.internal.Bundles - 	Entry: C:\Java\eclipse\plugins\org.eclipse.m2e.maven.runtime_3.9.900.20240824-1409\jars\plexus-cipher-2.0.jar
2024-09-29 22:23:24,924 [Worker-89: Launching Executing install in C__Eclipse_WorkSpace_LP2_LPII_T1_SIRVAS_PEDRO_lp2_t1] INFO  o.eclipse.m2e.core.internal.Bundles - 	Entry: C:\Java\eclipse\plugins\org.eclipse.m2e.maven.runtime_3.9.900.20240824-1409\jars\plexus-classworlds-2.8.0.jar
2024-09-29 22:23:24,924 [Worker-89: Launching Executing install in C__Eclipse_WorkSpace_LP2_LPII_T1_SIRVAS_PEDRO_lp2_t1] INFO  o.eclipse.m2e.core.internal.Bundles - 	Entry: C:\Java\eclipse\plugins\org.eclipse.m2e.maven.runtime_3.9.900.20240824-1409\jars\plexus-component-annotations-2.1.0.jar
2024-09-29 22:23:24,924 [Worker-89: Launching Executing install in C__Eclipse_WorkSpace_LP2_LPII_T1_SIRVAS_PEDRO_lp2_t1] INFO  o.eclipse.m2e.core.internal.Bundles - 	Entry: C:\Java\eclipse\plugins\org.eclipse.m2e.maven.runtime_3.9.900.20240824-1409\jars\plexus-interpolation-1.27.jar
2024-09-29 22:23:24,924 [Worker-89: Launching Executing install in C__Eclipse_WorkSpace_LP2_LPII_T1_SIRVAS_PEDRO_lp2_t1] INFO  o.eclipse.m2e.core.internal.Bundles - 	Entry: C:\Java\eclipse\plugins\org.eclipse.m2e.maven.runtime_3.9.900.20240824-1409\jars\plexus-sec-dispatcher-2.0.jar
2024-09-29 22:23:24,924 [Worker-89: Launching Executing install in C__Eclipse_WorkSpace_LP2_LPII_T1_SIRVAS_PEDRO_lp2_t1] INFO  o.eclipse.m2e.core.internal.Bundles - 	Entry: C:\Java\eclipse\plugins\org.eclipse.m2e.maven.runtime_3.9.900.20240824-1409\jars\plexus-utils-3.5.1.jar
2024-09-29 22:23:24,924 [Worker-89: Launching Executing install in C__Eclipse_WorkSpace_LP2_LPII_T1_SIRVAS_PEDRO_lp2_t1] INFO  o.eclipse.m2e.core.internal.Bundles - 	Entry: C:\Java\eclipse\plugins\org.eclipse.m2e.maven.runtime_3.9.900.20240824-1409\jars\plexus-xml-3.0.1.jar
2024-09-29 22:23:24,925 [Worker-89: Launching Executing install in C__Eclipse_WorkSpace_LP2_LPII_T1_SIRVAS_PEDRO_lp2_t1] INFO  o.eclipse.m2e.core.internal.Bundles - 	Entry: C:\Java\eclipse\plugins\org.eclipse.m2e.maven.runtime_3.9.900.20240824-1409\jars\wagon-file-3.5.3.jar
2024-09-29 22:23:24,925 [Worker-89: Launching Executing install in C__Eclipse_WorkSpace_LP2_LPII_T1_SIRVAS_PEDRO_lp2_t1] INFO  o.eclipse.m2e.core.internal.Bundles - 	Entry: C:\Java\eclipse\plugins\org.eclipse.m2e.maven.runtime_3.9.900.20240824-1409\jars\wagon-http-3.5.3.jar
2024-09-29 22:23:24,925 [Worker-89: Launching Executing install in C__Eclipse_WorkSpace_LP2_LPII_T1_SIRVAS_PEDRO_lp2_t1] INFO  o.eclipse.m2e.core.internal.Bundles - 	Entry: C:\Java\eclipse\plugins\org.eclipse.m2e.maven.runtime_3.9.900.20240824-1409\jars\wagon-http-shared-3.5.3.jar
2024-09-29 22:23:24,925 [Worker-89: Launching Executing install in C__Eclipse_WorkSpace_LP2_LPII_T1_SIRVAS_PEDRO_lp2_t1] INFO  o.eclipse.m2e.core.internal.Bundles - 	Entry: C:\Java\eclipse\plugins\org.eclipse.m2e.maven.runtime_3.9.900.20240824-1409\jars\wagon-provider-api-3.5.3.jar
2024-09-29 22:23:24,925 [Worker-89: Launching Executing install in C__Eclipse_WorkSpace_LP2_LPII_T1_SIRVAS_PEDRO_lp2_t1] INFO  o.eclipse.m2e.core.internal.Bundles - getClasspathEntries(Bundle=com.google.guava_33.3.0.jre [16])
2024-09-29 22:23:24,925 [Worker-89: Launching Executing install in C__Eclipse_WorkSpace_LP2_LPII_T1_SIRVAS_PEDRO_lp2_t1] INFO  o.eclipse.m2e.core.internal.Bundles - 	Entry: C:\Java\eclipse\plugins\com.google.guava_33.3.0.jre.jar
2024-09-29 22:23:24,925 [Worker-89: Launching Executing install in C__Eclipse_WorkSpace_LP2_LPII_T1_SIRVAS_PEDRO_lp2_t1] INFO  o.eclipse.m2e.core.internal.Bundles - getClasspathEntries(Bundle=slf4j.api_2.0.16 [1008])
2024-09-29 22:23:24,925 [Worker-89: Launching Executing install in C__Eclipse_WorkSpace_LP2_LPII_T1_SIRVAS_PEDRO_lp2_t1] INFO  o.eclipse.m2e.core.internal.Bundles - 	Entry: C:\Java\eclipse\plugins\slf4j.api_2.0.16.jar
2024-09-29 22:23:24,925 [Worker-89: Launching Executing install in C__Eclipse_WorkSpace_LP2_LPII_T1_SIRVAS_PEDRO_lp2_t1] INFO  o.eclipse.m2e.core.internal.Bundles - getClasspathEntries(Bundle=jakarta.inject.jakarta.inject-api_1.0.5 [34])
2024-09-29 22:23:24,926 [Worker-89: Launching Executing install in C__Eclipse_WorkSpace_LP2_LPII_T1_SIRVAS_PEDRO_lp2_t1] INFO  o.eclipse.m2e.core.internal.Bundles - 	Entry: C:\Java\eclipse\plugins\jakarta.inject.jakarta.inject-api_1.0.5.jar
2024-09-29 22:23:24,926 [Worker-89: Launching Executing install in C__Eclipse_WorkSpace_LP2_LPII_T1_SIRVAS_PEDRO_lp2_t1] INFO  o.eclipse.m2e.core.internal.Bundles - getClasspathEntries(Bundle=jakarta.annotation-api_1.3.5 [29])
2024-09-29 22:23:24,926 [Worker-89: Launching Executing install in C__Eclipse_WorkSpace_LP2_LPII_T1_SIRVAS_PEDRO_lp2_t1] INFO  o.eclipse.m2e.core.internal.Bundles - 	Entry: C:\Java\eclipse\plugins\jakarta.annotation-api_1.3.5.jar
2024-09-29 22:23:24,926 [Worker-89: Launching Executing install in C__Eclipse_WorkSpace_LP2_LPII_T1_SIRVAS_PEDRO_lp2_t1] INFO  o.eclipse.m2e.core.internal.Bundles - getClasspathEntries(Bundle=org.apache.commons.cli_1.9.0 [78])
2024-09-29 22:23:24,926 [Worker-89: Launching Executing install in C__Eclipse_WorkSpace_LP2_LPII_T1_SIRVAS_PEDRO_lp2_t1] INFO  o.eclipse.m2e.core.internal.Bundles - 	Entry: C:\Java\eclipse\plugins\org.apache.commons.cli_1.9.0.jar
2024-09-29 22:23:24,926 [Worker-89: Launching Executing install in C__Eclipse_WorkSpace_LP2_LPII_T1_SIRVAS_PEDRO_lp2_t1] INFO  o.eclipse.m2e.core.internal.Bundles - getClasspathEntries(Bundle=org.apache.commons.commons-codec_1.16.0 [81])
2024-09-29 22:23:24,926 [Worker-89: Launching Executing install in C__Eclipse_WorkSpace_LP2_LPII_T1_SIRVAS_PEDRO_lp2_t1] INFO  o.eclipse.m2e.core.internal.Bundles - 	Entry: C:\Java\eclipse\plugins\org.apache.commons.commons-codec_1.16.0.jar
2024-09-29 22:23:24,926 [Worker-89: Launching Executing install in C__Eclipse_WorkSpace_LP2_LPII_T1_SIRVAS_PEDRO_lp2_t1] INFO  o.eclipse.m2e.core.internal.Bundles - getClasspathEntries(Bundle=com.google.guava.failureaccess_1.0.2 [17])
2024-09-29 22:23:24,926 [Worker-89: Launching Executing install in C__Eclipse_WorkSpace_LP2_LPII_T1_SIRVAS_PEDRO_lp2_t1] INFO  o.eclipse.m2e.core.internal.Bundles - 	Entry: C:\Java\eclipse\plugins\com.google.guava.failureaccess_1.0.2.jar
2024-09-29 22:23:24,927 [Worker-89: Launching Executing install in C__Eclipse_WorkSpace_LP2_LPII_T1_SIRVAS_PEDRO_lp2_t1] INFO  o.e.m.i.launch.MavenLaunchDelegate - Run build in "C:\Eclipse_WorkSpace_LP2\LPII_T1_SIRVAS_PEDRO\lp2_t1":
2024-09-29 22:23:24,927 [Worker-89: Launching Executing install in C__Eclipse_WorkSpace_LP2_LPII_T1_SIRVAS_PEDRO_lp2_t1] INFO  o.e.m.i.launch.MavenLaunchDelegate -  mvn  -B -Dstyle.color=always install
2024-09-29 22:24:10,262 [Worker-90: Building] INFO  o.a.m.s.f.DefaultMavenResourcesFiltering - Copying 0 resource from src\main\resources to target\classes
2024-09-29 22:24:10,264 [Worker-90: Building] INFO  o.a.m.s.f.DefaultMavenResourcesFiltering - Copying 0 resource from src\test\resources to target\test-classes
